{"/home/travis/build/npmtest/node-npmtest-velocity-animate/test.js":{"path":"/home/travis/build/npmtest/node-npmtest-velocity-animate/test.js","s":{"1":2,"2":2,"3":2,"4":2,"5":2,"6":2,"7":2,"8":1,"9":2,"10":2,"11":1,"12":1,"13":1,"14":1,"15":2,"16":2,"17":2,"18":2,"19":1,"20":1,"21":2,"22":2,"23":2,"24":1,"25":1,"26":1,"27":1,"28":1,"29":1,"30":1,"31":1,"32":1,"33":1,"34":1,"35":1,"36":1,"37":1,"38":1,"39":2,"40":2,"41":1,"42":2,"43":2,"44":1,"45":2,"46":2,"47":1,"48":2,"49":2,"50":1,"51":1,"52":1,"53":1,"54":1},"b":{"1":[2,1,1,1],"2":[1,1,1,1],"3":[1,1],"4":[1,1],"5":[1,1],"6":[1,1],"7":[1,1],"8":[1,1],"9":[1,1],"10":[1,1,1],"11":[1,1],"12":[1,1],"13":[1,1],"14":[1,1],"15":[1,1],"16":[1,1],"17":[1,1]},"f":{"1":2,"2":2,"3":2,"4":2,"5":2,"6":1,"7":1,"8":1,"9":2,"10":2,"11":2,"12":2,"13":1},"fnMap":{"1":{"name":"(anonymous_1)","line":12,"loc":{"start":{"line":12,"column":1},"end":{"line":12,"column":13}}},"2":{"name":"(anonymous_2)","line":19,"loc":{"start":{"line":19,"column":5},"end":{"line":19,"column":17}}},"3":{"name":"(anonymous_3)","line":23,"loc":{"start":{"line":23,"column":24},"end":{"line":23,"column":36}}},"4":{"name":"(anonymous_4)","line":61,"loc":{"start":{"line":61,"column":5},"end":{"line":61,"column":17}}},"5":{"name":"(anonymous_5)","line":82,"loc":{"start":{"line":82,"column":5},"end":{"line":82,"column":17}}},"6":{"name":"(anonymous_6)","line":91,"loc":{"start":{"line":91,"column":77},"end":{"line":94,"column":10}}},"7":{"name":"(anonymous_7)","line":112,"loc":{"start":{"line":112,"column":83},"end":{"line":115,"column":10}},"skip":true},"8":{"name":"(anonymous_8)","line":123,"loc":{"start":{"line":123,"column":77},"end":{"line":126,"column":10}},"skip":true},"9":{"name":"(anonymous_9)","line":139,"loc":{"start":{"line":139,"column":12},"end":{"line":139,"column":40}},"skip":true},"10":{"name":"(anonymous_10)","line":147,"loc":{"start":{"line":147,"column":77},"end":{"line":150,"column":10}},"skip":true},"11":{"name":"(anonymous_11)","line":158,"loc":{"start":{"line":158,"column":83},"end":{"line":161,"column":10}},"skip":true},"12":{"name":"(anonymous_12)","line":169,"loc":{"start":{"line":169,"column":79},"end":{"line":172,"column":10}},"skip":true},"13":{"name":"(anonymous_13)","line":180,"loc":{"start":{"line":180,"column":75},"end":{"line":183,"column":10}},"skip":true}},"statementMap":{"1":{"start":{"line":12,"column":0},"end":{"line":195,"column":5}},"2":{"start":{"line":14,"column":4},"end":{"line":14,"column":14}},"3":{"start":{"line":19,"column":4},"end":{"line":56,"column":9}},"4":{"start":{"line":21,"column":8},"end":{"line":21,"column":19}},"5":{"start":{"line":23,"column":8},"end":{"line":35,"column":13}},"6":{"start":{"line":24,"column":12},"end":{"line":34,"column":13}},"7":{"start":{"line":25,"column":16},"end":{"line":28,"column":30}},"8":{"start":{"line":30,"column":16},"end":{"line":33,"column":27}},"9":{"start":{"line":37,"column":8},"end":{"line":39,"column":21}},"10":{"start":{"line":40,"column":8},"end":{"line":53,"column":9}},"11":{"start":{"line":43,"column":12},"end":{"line":46,"column":14}},"12":{"start":{"line":47,"column":12},"end":{"line":47,"column":18}},"13":{"start":{"line":50,"column":12},"end":{"line":51,"column":46}},"14":{"start":{"line":52,"column":12},"end":{"line":52,"column":18}},"15":{"start":{"line":55,"column":8},"end":{"line":55,"column":35}},"16":{"start":{"line":61,"column":4},"end":{"line":63,"column":9}},"17":{"start":{"line":62,"column":8},"end":{"line":62,"column":15}},"18":{"start":{"line":64,"column":4},"end":{"line":77,"column":5}},"19":{"start":{"line":70,"column":8},"end":{"line":70,"column":14}},"20":{"start":{"line":76,"column":8},"end":{"line":76,"column":14}},"21":{"start":{"line":82,"column":4},"end":{"line":84,"column":9}},"22":{"start":{"line":83,"column":8},"end":{"line":83,"column":15}},"23":{"start":{"line":85,"column":4},"end":{"line":194,"column":5}},"24":{"start":{"line":91,"column":8},"end":{"line":99,"column":10}},"25":{"start":{"line":98,"column":12},"end":{"line":98,"column":35}},"26":{"start":{"line":102,"column":8},"end":{"line":104,"column":63}},"27":{"start":{"line":105,"column":8},"end":{"line":105,"column":14}},"28":{"start":{"line":112,"column":8},"end":{"line":121,"column":10},"skip":true},"29":{"start":{"line":119,"column":12},"end":{"line":119,"column":55},"skip":true},"30":{"start":{"line":120,"column":12},"end":{"line":120,"column":48},"skip":true},"31":{"start":{"line":123,"column":8},"end":{"line":136,"column":10},"skip":true},"32":{"start":{"line":130,"column":12},"end":{"line":130,"column":76},"skip":true},"33":{"start":{"line":131,"column":12},"end":{"line":131,"column":73},"skip":true},"34":{"start":{"line":132,"column":12},"end":{"line":132,"column":74},"skip":true},"35":{"start":{"line":133,"column":12},"end":{"line":133,"column":79},"skip":true},"36":{"start":{"line":134,"column":12},"end":{"line":134,"column":25},"skip":true},"37":{"start":{"line":135,"column":12},"end":{"line":135,"column":45},"skip":true},"38":{"start":{"line":138,"column":8},"end":{"line":145,"column":14},"skip":true},"39":{"start":{"line":143,"column":16},"end":{"line":143,"column":29},"skip":true},"40":{"start":{"line":144,"column":16},"end":{"line":144,"column":55},"skip":true},"41":{"start":{"line":147,"column":8},"end":{"line":156,"column":10},"skip":true},"42":{"start":{"line":154,"column":12},"end":{"line":154,"column":25},"skip":true},"43":{"start":{"line":155,"column":12},"end":{"line":155,"column":45},"skip":true},"44":{"start":{"line":158,"column":8},"end":{"line":167,"column":10},"skip":true},"45":{"start":{"line":165,"column":12},"end":{"line":165,"column":25},"skip":true},"46":{"start":{"line":166,"column":12},"end":{"line":166,"column":48},"skip":true},"47":{"start":{"line":169,"column":8},"end":{"line":178,"column":10},"skip":true},"48":{"start":{"line":176,"column":12},"end":{"line":176,"column":25},"skip":true},"49":{"start":{"line":177,"column":12},"end":{"line":177,"column":46},"skip":true},"50":{"start":{"line":180,"column":8},"end":{"line":189,"column":10},"skip":true},"51":{"start":{"line":187,"column":12},"end":{"line":187,"column":94},"skip":true},"52":{"start":{"line":188,"column":12},"end":{"line":188,"column":48},"skip":true},"53":{"start":{"line":192,"column":8},"end":{"line":192,"column":35},"skip":true},"54":{"start":{"line":193,"column":8},"end":{"line":193,"column":14},"skip":true}},"branchMap":{"1":{"line":25,"type":"binary-expr","locations":[{"start":{"line":25,"column":23},"end":{"line":25,"column":62}},{"start":{"line":26,"column":20},"end":{"line":26,"column":70}},{"start":{"line":27,"column":20},"end":{"line":27,"column":71}},{"start":{"line":28,"column":20},"end":{"line":28,"column":29}}]},"2":{"line":30,"type":"binary-expr","locations":[{"start":{"line":30,"column":23},"end":{"line":30,"column":37}},{"start":{"line":31,"column":20},"end":{"line":31,"column":61}},{"start":{"line":32,"column":20},"end":{"line":32,"column":70}},{"start":{"line":33,"column":20},"end":{"line":33,"column":26}}]},"3":{"line":37,"type":"cond-expr","locations":[{"start":{"line":38,"column":14},"end":{"line":38,"column":20}},{"start":{"line":39,"column":14},"end":{"line":39,"column":20}}]},"4":{"line":40,"type":"switch","locations":[{"start":{"line":42,"column":8},"end":{"line":47,"column":18}},{"start":{"line":49,"column":8},"end":{"line":52,"column":18}}]},"5":{"line":44,"type":"binary-expr","locations":[{"start":{"line":44,"column":16},"end":{"line":44,"column":44}},{"start":{"line":44,"column":48},"end":{"line":44,"column":66}}]},"6":{"line":50,"type":"binary-expr","locations":[{"start":{"line":50,"column":21},"end":{"line":50,"column":49}},{"start":{"line":50,"column":53},"end":{"line":50,"column":72}}]},"7":{"line":64,"type":"switch","locations":[{"start":{"line":69,"column":4},"end":{"line":70,"column":14}},{"start":{"line":75,"column":4},"end":{"line":76,"column":14}}]},"8":{"line":85,"type":"switch","locations":[{"start":{"line":90,"column":4},"end":{"line":105,"column":14}},{"start":{"line":111,"column":4},"end":{"line":193,"column":14},"skip":true}]},"9":{"line":91,"type":"binary-expr","locations":[{"start":{"line":91,"column":42},"end":{"line":91,"column":73}},{"start":{"line":91,"column":77},"end":{"line":99,"column":9}}]},"10":{"line":102,"type":"binary-expr","locations":[{"start":{"line":102,"column":18},"end":{"line":102,"column":32}},{"start":{"line":103,"column":12},"end":{"line":103,"column":53}},{"start":{"line":104,"column":12},"end":{"line":104,"column":61}}]},"11":{"line":112,"type":"binary-expr","locations":[{"start":{"line":112,"column":45},"end":{"line":112,"column":79},"skip":true},{"start":{"line":112,"column":83},"end":{"line":121,"column":9},"skip":true}]},"12":{"line":123,"type":"binary-expr","locations":[{"start":{"line":123,"column":42},"end":{"line":123,"column":73},"skip":true},{"start":{"line":123,"column":77},"end":{"line":136,"column":9},"skip":true}]},"13":{"line":138,"type":"binary-expr","locations":[{"start":{"line":138,"column":48},"end":{"line":138,"column":85},"skip":true},{"start":{"line":139,"column":12},"end":{"line":145,"column":13},"skip":true}]},"14":{"line":147,"type":"binary-expr","locations":[{"start":{"line":147,"column":42},"end":{"line":147,"column":73},"skip":true},{"start":{"line":147,"column":77},"end":{"line":156,"column":9},"skip":true}]},"15":{"line":158,"type":"binary-expr","locations":[{"start":{"line":158,"column":45},"end":{"line":158,"column":79},"skip":true},{"start":{"line":158,"column":83},"end":{"line":167,"column":9},"skip":true}]},"16":{"line":169,"type":"binary-expr","locations":[{"start":{"line":169,"column":43},"end":{"line":169,"column":75},"skip":true},{"start":{"line":169,"column":79},"end":{"line":178,"column":9},"skip":true}]},"17":{"line":180,"type":"binary-expr","locations":[{"start":{"line":180,"column":41},"end":{"line":180,"column":71},"skip":true},{"start":{"line":180,"column":75},"end":{"line":189,"column":9},"skip":true}]}},"code":["/* istanbul instrument in package npmtest_velocity_animate */","/*jslint","    bitwise: true,","    browser: true,","    maxerr: 8,","    maxlen: 96,","    node: true,","    nomen: true,","    regexp: true,","    stupid: true","*/","(function () {","    'use strict';","    var local;","","","","    // run shared js-env code - pre-init","    (function () {","        // init local","        local = {};","        // init modeJs","        local.modeJs = (function () {","            try {","                return typeof navigator.userAgent === 'string' &&","                    typeof document.querySelector('body') === 'object' &&","                    typeof XMLHttpRequest.prototype.open === 'function' &&","                    'browser';","            } catch (errorCaughtBrowser) {","                return module.exports &&","                    typeof process.versions.node === 'string' &&","                    typeof require('http').createServer === 'function' &&","                    'node';","            }","        }());","        // init global","        local.global = local.modeJs === 'browser'","            ? window","            : global;","        switch (local.modeJs) {","        // re-init local from window.local","        case 'browser':","            local = local.global.utility2.objectSetDefault(","                local.global.utility2_rollup || local.global.local,","                local.global.utility2","            );","            break;","        // re-init local from example.js","        case 'node':","            local = (local.global.utility2_rollup || require('utility2'))","                .requireExampleJsFromReadme();","            break;","        }","        // export local","        local.global.local = local;","    }());","","","","    // run shared js-env code - function","    (function () {","        return;","    }());","    switch (local.modeJs) {","","","","    // run browser js-env code - function","    case 'browser':","        break;","","","","    // run node js-env code - function","    case 'node':","        break;","    }","","","","    // run shared js-env code - post-init","    (function () {","        return;","    }());","    switch (local.modeJs) {","","","","    // run browser js-env code - post-init","    case 'browser':","        local.testCase_browser_nullCase = local.testCase_browser_nullCase || function (","            options,","            onError","        ) {","        /*","         * this function will test browsers's null-case handling-behavior-behavior","         */","            onError(null, options);","        };","","        // run tests","        local.nop(local.modeTest &&","            document.querySelector('#testRunButton1') &&","            document.querySelector('#testRunButton1').click());","        break;","","","","    // run node js-env code - post-init","    /* istanbul ignore next */","    case 'node':","        local.testCase_buildApidoc_default = local.testCase_buildApidoc_default || function (","            options,","            onError","        ) {","        /*","         * this function will test buildApidoc's default handling-behavior-behavior","         */","            options = { modulePathList: module.paths };","            local.buildApidoc(options, onError);","        };","","        local.testCase_buildApp_default = local.testCase_buildApp_default || function (","            options,","            onError","        ) {","        /*","         * this function will test buildApp's default handling-behavior-behavior","         */","            local.testCase_buildReadme_default(options, local.onErrorThrow);","            local.testCase_buildLib_default(options, local.onErrorThrow);","            local.testCase_buildTest_default(options, local.onErrorThrow);","            local.testCase_buildCustomOrg_default(options, local.onErrorThrow);","            options = [];","            local.buildApp(options, onError);","        };","","        local.testCase_buildCustomOrg_default = local.testCase_buildCustomOrg_default ||","            function (options, onError) {","            /*","             * this function will test buildCustomOrg's default handling-behavior","             */","                options = {};","                local.buildCustomOrg(options, onError);","            };","","        local.testCase_buildLib_default = local.testCase_buildLib_default || function (","            options,","            onError","        ) {","        /*","         * this function will test buildLib's default handling-behavior","         */","            options = {};","            local.buildLib(options, onError);","        };","","        local.testCase_buildReadme_default = local.testCase_buildReadme_default || function (","            options,","            onError","        ) {","        /*","         * this function will test buildReadme's default handling-behavior-behavior","         */","            options = {};","            local.buildReadme(options, onError);","        };","","        local.testCase_buildTest_default = local.testCase_buildTest_default || function (","            options,","            onError","        ) {","        /*","         * this function will test buildTest's default handling-behavior","         */","            options = {};","            local.buildTest(options, onError);","        };","","        local.testCase_webpage_default = local.testCase_webpage_default || function (","            options,","            onError","        ) {","        /*","         * this function will test webpage's default handling-behavior","         */","            options = { modeCoverageMerge: true, url: local.serverLocalHost + '?modeTest=1' };","            local.browserTest(options, onError);","        };","","        // run test-server","        local.testRunServer(local);","        break;","    }","}());",""],"l":{"12":2,"14":2,"19":2,"21":2,"23":2,"24":2,"25":2,"30":1,"37":2,"40":2,"43":1,"47":1,"50":1,"52":1,"55":2,"61":2,"62":2,"64":2,"70":1,"76":1,"82":2,"83":2,"85":2,"91":1,"98":1,"102":1,"105":1,"112":1,"119":1,"120":1,"123":1,"130":1,"131":1,"132":1,"133":1,"134":1,"135":1,"138":1,"143":2,"144":2,"147":1,"154":2,"155":2,"158":1,"165":2,"166":2,"169":1,"176":2,"177":2,"180":1,"187":1,"188":1,"192":1,"193":1}},"/home/travis/build/npmtest/node-npmtest-velocity-animate/lib.npmtest_velocity_animate.js":{"path":"/home/travis/build/npmtest/node-npmtest-velocity-animate/lib.npmtest_velocity_animate.js","s":{"1":2,"2":2,"3":2,"4":2,"5":2,"6":2,"7":2,"8":1,"9":2,"10":2,"11":2,"12":2,"13":1,"14":1,"15":1,"16":1},"b":{"1":[2,1,1,1],"2":[1,1,1,1],"3":[1,1],"4":[2,2],"5":[1,1]},"f":{"1":2,"2":2,"3":2},"fnMap":{"1":{"name":"(anonymous_1)","line":12,"loc":{"start":{"line":12,"column":1},"end":{"line":12,"column":13}}},"2":{"name":"(anonymous_2)","line":19,"loc":{"start":{"line":19,"column":5},"end":{"line":19,"column":17}}},"3":{"name":"(anonymous_3)","line":23,"loc":{"start":{"line":23,"column":24},"end":{"line":23,"column":36}}}},"statementMap":{"1":{"start":{"line":12,"column":0},"end":{"line":53,"column":5}},"2":{"start":{"line":14,"column":4},"end":{"line":14,"column":14}},"3":{"start":{"line":19,"column":4},"end":{"line":52,"column":9}},"4":{"start":{"line":21,"column":8},"end":{"line":21,"column":19}},"5":{"start":{"line":23,"column":8},"end":{"line":35,"column":13}},"6":{"start":{"line":24,"column":12},"end":{"line":34,"column":13}},"7":{"start":{"line":25,"column":16},"end":{"line":28,"column":30}},"8":{"start":{"line":30,"column":16},"end":{"line":33,"column":27}},"9":{"start":{"line":37,"column":8},"end":{"line":39,"column":21}},"10":{"start":{"line":41,"column":8},"end":{"line":41,"column":54}},"11":{"start":{"line":43,"column":8},"end":{"line":43,"column":61}},"12":{"start":{"line":45,"column":8},"end":{"line":51,"column":9}},"13":{"start":{"line":46,"column":12},"end":{"line":46,"column":67}},"14":{"start":{"line":48,"column":12},"end":{"line":48,"column":35}},"15":{"start":{"line":49,"column":12},"end":{"line":49,"column":49}},"16":{"start":{"line":50,"column":12},"end":{"line":50,"column":43}}},"branchMap":{"1":{"line":25,"type":"binary-expr","locations":[{"start":{"line":25,"column":23},"end":{"line":25,"column":62}},{"start":{"line":26,"column":20},"end":{"line":26,"column":70}},{"start":{"line":27,"column":20},"end":{"line":27,"column":71}},{"start":{"line":28,"column":20},"end":{"line":28,"column":29}}]},"2":{"line":30,"type":"binary-expr","locations":[{"start":{"line":30,"column":23},"end":{"line":30,"column":37}},{"start":{"line":31,"column":20},"end":{"line":31,"column":61}},{"start":{"line":32,"column":20},"end":{"line":32,"column":70}},{"start":{"line":33,"column":20},"end":{"line":33,"column":26}}]},"3":{"line":37,"type":"cond-expr","locations":[{"start":{"line":38,"column":14},"end":{"line":38,"column":20}},{"start":{"line":39,"column":14},"end":{"line":39,"column":20}}]},"4":{"line":41,"type":"binary-expr","locations":[{"start":{"line":41,"column":16},"end":{"line":41,"column":44}},{"start":{"line":41,"column":48},"end":{"line":41,"column":53}}]},"5":{"line":45,"type":"if","locations":[{"start":{"line":45,"column":8},"end":{"line":45,"column":8}},{"start":{"line":45,"column":8},"end":{"line":45,"column":8}}]}},"code":["/* istanbul instrument in package npmtest_velocity_animate */","/*jslint","    bitwise: true,","    browser: true,","    maxerr: 8,","    maxlen: 96,","    node: true,","    nomen: true,","    regexp: true,","    stupid: true","*/","(function () {","    'use strict';","    var local;","","","","    // run shared js-env code - pre-init","    (function () {","        // init local","        local = {};","        // init modeJs","        local.modeJs = (function () {","            try {","                return typeof navigator.userAgent === 'string' &&","                    typeof document.querySelector('body') === 'object' &&","                    typeof XMLHttpRequest.prototype.open === 'function' &&","                    'browser';","            } catch (errorCaughtBrowser) {","                return module.exports &&","                    typeof process.versions.node === 'string' &&","                    typeof require('http').createServer === 'function' &&","                    'node';","            }","        }());","        // init global","        local.global = local.modeJs === 'browser'","            ? window","            : global;","        // init utility2_rollup","        local = local.global.utility2_rollup || local;","        // init lib","        local.local = local.npmtest_velocity_animate = local;","        // init exports","        if (local.modeJs === 'browser') {","            local.global.utility2_npmtest_velocity_animate = local;","        } else {","            module.exports = local;","            module.exports.__dirname = __dirname;","            module.exports.module = module;","        }","    }());","}());",""],"l":{"12":2,"14":2,"19":2,"21":2,"23":2,"24":2,"25":2,"30":1,"37":2,"41":2,"43":2,"45":2,"46":1,"48":1,"49":1,"50":1}},"/home/travis/build/npmtest/node-npmtest-velocity-animate/example.js":{"path":"/home/travis/build/npmtest/node-npmtest-velocity-animate/example.js","s":{"1":2,"2":2,"3":2,"4":2,"5":2,"6":2,"7":2,"8":1,"9":2,"10":2,"11":2,"12":2,"13":1,"14":2,"15":2,"16":2,"17":2,"18":2,"19":0,"20":2,"21":1,"22":1,"23":1,"24":1,"25":1,"26":0,"27":0,"28":1,"29":1,"30":2,"31":0,"32":0,"33":0,"34":1,"35":2,"36":2,"37":3,"38":3,"39":3,"40":3,"41":0,"42":3,"43":3,"44":3,"45":1,"46":3,"47":1,"48":1,"49":1,"50":1,"51":1,"52":1,"53":1,"54":1,"55":1,"56":1,"57":0,"58":1,"59":6,"60":6,"61":1,"62":2,"63":0,"64":2,"65":1,"66":1,"67":0,"68":0,"69":0,"70":0,"71":0,"72":0,"73":0,"74":0,"75":0,"76":0,"77":0,"78":0,"79":0,"80":0,"81":0,"82":0,"83":0},"b":{"1":[2,1,1,1],"2":[1,1,1,1],"3":[1,1],"4":[2,2],"5":[1,1],"6":[1,1],"7":[2,0],"8":[2,1,1,1,1,1],"9":[0,2,0],"10":[1,1],"11":[2,1,1],"12":[1,0],"13":[0,2],"14":[2,0,0,0,0,0,0],"15":[0,3],"16":[3,0],"17":[1,1],"18":[0,1],"19":[1,2,0,2],"20":[1,0],"21":[1,1],"22":[0,0],"23":[0,0],"24":[0,0],"25":[0,0],"26":[0,0],"27":[0,0],"28":[0,0]},"f":{"1":2,"2":2,"3":2,"4":2,"5":2,"6":2,"7":3,"8":3,"9":3,"10":1,"11":6,"12":0},"fnMap":{"1":{"name":"(anonymous_1)","line":26,"loc":{"start":{"line":26,"column":1},"end":{"line":26,"column":13}}},"2":{"name":"(anonymous_2)","line":33,"loc":{"start":{"line":33,"column":5},"end":{"line":33,"column":17}}},"3":{"name":"(anonymous_3)","line":37,"loc":{"start":{"line":37,"column":24},"end":{"line":37,"column":36}}},"4":{"name":"(anonymous_4)","line":69,"loc":{"start":{"line":69,"column":31},"end":{"line":69,"column":48}},"skip":true},"5":{"name":"(anonymous_5)","line":78,"loc":{"start":{"line":78,"column":26},"end":{"line":78,"column":45}},"skip":true},"6":{"name":"(anonymous_6)","line":123,"loc":{"start":{"line":123,"column":33},"end":{"line":123,"column":48}},"skip":true},"7":{"name":"(anonymous_7)","line":125,"loc":{"start":{"line":125,"column":27},"end":{"line":125,"column":39}},"skip":true},"8":{"name":"(anonymous_8)","line":133,"loc":{"start":{"line":133,"column":59},"end":{"line":133,"column":74}},"skip":true},"9":{"name":"(anonymous_9)","line":143,"loc":{"start":{"line":143,"column":45},"end":{"line":143,"column":62}},"skip":true},"10":{"name":"(anonymous_10)","line":144,"loc":{"start":{"line":144,"column":73},"end":{"line":144,"column":92}},"skip":true},"11":{"name":"(anonymous_11)","line":272,"loc":{"start":{"line":272,"column":51},"end":{"line":272,"column":77}},"skip":true},"12":{"name":"(anonymous_12)","line":315,"loc":{"start":{"line":315,"column":32},"end":{"line":315,"column":61}},"skip":true}},"statementMap":{"1":{"start":{"line":26,"column":0},"end":{"line":326,"column":5}},"2":{"start":{"line":28,"column":4},"end":{"line":28,"column":14}},"3":{"start":{"line":33,"column":4},"end":{"line":60,"column":9}},"4":{"start":{"line":35,"column":8},"end":{"line":35,"column":19}},"5":{"start":{"line":37,"column":8},"end":{"line":49,"column":13}},"6":{"start":{"line":38,"column":12},"end":{"line":48,"column":13}},"7":{"start":{"line":39,"column":16},"end":{"line":42,"column":30}},"8":{"start":{"line":44,"column":16},"end":{"line":47,"column":27}},"9":{"start":{"line":51,"column":8},"end":{"line":53,"column":21}},"10":{"start":{"line":55,"column":8},"end":{"line":57,"column":45}},"11":{"start":{"line":59,"column":8},"end":{"line":59,"column":35}},"12":{"start":{"line":61,"column":4},"end":{"line":325,"column":5}},"13":{"start":{"line":69,"column":8},"end":{"line":121,"column":10},"skip":true},"14":{"start":{"line":70,"column":12},"end":{"line":88,"column":13},"skip":true},"15":{"start":{"line":76,"column":16},"end":{"line":87,"column":19},"skip":true},"16":{"start":{"line":79,"column":20},"end":{"line":86,"column":21},"skip":true},"17":{"start":{"line":82,"column":24},"end":{"line":82,"column":43},"skip":true},"18":{"start":{"line":83,"column":24},"end":{"line":83,"column":30},"skip":true},"19":{"start":{"line":85,"column":24},"end":{"line":85,"column":49},"skip":true},"20":{"start":{"line":89,"column":12},"end":{"line":107,"column":13},"skip":true},"21":{"start":{"line":92,"column":16},"end":{"line":102,"column":17},"skip":true},"22":{"start":{"line":93,"column":20},"end":{"line":93,"column":86},"skip":true},"23":{"start":{"line":94,"column":20},"end":{"line":95,"column":45},"skip":true},"24":{"start":{"line":96,"column":20},"end":{"line":96,"column":42},"skip":true},"25":{"start":{"line":97,"column":20},"end":{"line":97,"column":48},"skip":true},"26":{"start":{"line":100,"column":20},"end":{"line":100,"column":85},"skip":true},"27":{"start":{"line":101,"column":20},"end":{"line":101,"column":96},"skip":true},"28":{"start":{"line":103,"column":16},"end":{"line":103,"column":22},"skip":true},"29":{"start":{"line":106,"column":16},"end":{"line":106,"column":22},"skip":true},"30":{"start":{"line":108,"column":12},"end":{"line":120,"column":13},"skip":true},"31":{"start":{"line":114,"column":16},"end":{"line":119,"column":17},"skip":true},"32":{"start":{"line":116,"column":20},"end":{"line":116,"column":78},"skip":true},"33":{"start":{"line":118,"column":20},"end":{"line":118,"column":47},"skip":true},"34":{"start":{"line":123,"column":8},"end":{"line":141,"column":11},"skip":true},"35":{"start":{"line":124,"column":12},"end":{"line":124,"column":54},"skip":true},"36":{"start":{"line":125,"column":12},"end":{"line":140,"column":14},"skip":true},"37":{"start":{"line":126,"column":16},"end":{"line":126,"column":28},"skip":true},"38":{"start":{"line":127,"column":16},"end":{"line":127,"column":69},"skip":true},"39":{"start":{"line":128,"column":16},"end":{"line":128,"column":75},"skip":true},"40":{"start":{"line":129,"column":16},"end":{"line":131,"column":17},"skip":true},"41":{"start":{"line":130,"column":20},"end":{"line":130,"column":27},"skip":true},"42":{"start":{"line":133,"column":16},"end":{"line":137,"column":36},"skip":true},"43":{"start":{"line":134,"column":20},"end":{"line":136,"column":55},"skip":true},"44":{"start":{"line":139,"column":16},"end":{"line":139,"column":57},"skip":true},"45":{"start":{"line":143,"column":8},"end":{"line":147,"column":11},"skip":true},"46":{"start":{"line":144,"column":12},"end":{"line":146,"column":15},"skip":true},"47":{"start":{"line":145,"column":16},"end":{"line":145,"column":70},"skip":true},"48":{"start":{"line":149,"column":8},"end":{"line":149,"column":31},"skip":true},"49":{"start":{"line":150,"column":8},"end":{"line":150,"column":14},"skip":true},"50":{"start":{"line":158,"column":8},"end":{"line":158,"column":31},"skip":true},"51":{"start":{"line":160,"column":8},"end":{"line":160,"column":33},"skip":true},"52":{"start":{"line":161,"column":8},"end":{"line":161,"column":37},"skip":true},"53":{"start":{"line":162,"column":8},"end":{"line":162,"column":35},"skip":true},"54":{"start":{"line":164,"column":8},"end":{"line":164,"column":50},"skip":true},"55":{"start":{"line":166,"column":8},"end":{"line":256,"column":2},"skip":true},"56":{"start":{"line":258,"column":8},"end":{"line":286,"column":9},"skip":true},"57":{"start":{"line":259,"column":12},"end":{"line":269,"column":14},"skip":true},"58":{"start":{"line":271,"column":12},"end":{"line":285,"column":19},"skip":true},"59":{"start":{"line":274,"column":20},"end":{"line":274,"column":35},"skip":true},"60":{"start":{"line":275,"column":20},"end":{"line":284,"column":21},"skip":true},"61":{"start":{"line":277,"column":24},"end":{"line":277,"column":64},"skip":true},"62":{"start":{"line":279,"column":24},"end":{"line":279,"column":40},"skip":true},"63":{"start":{"line":281,"column":24},"end":{"line":281,"column":40},"skip":true},"64":{"start":{"line":283,"column":24},"end":{"line":283,"column":39},"skip":true},"65":{"start":{"line":288,"column":8},"end":{"line":290,"column":9},"skip":true},"66":{"start":{"line":289,"column":12},"end":{"line":289,"column":18},"skip":true},"67":{"start":{"line":291,"column":8},"end":{"line":293,"column":54},"skip":true},"68":{"start":{"line":296,"column":8},"end":{"line":301,"column":37},"skip":true},"69":{"start":{"line":303,"column":8},"end":{"line":303,"column":82},"skip":true},"70":{"start":{"line":306,"column":8},"end":{"line":308,"column":9},"skip":true},"71":{"start":{"line":307,"column":12},"end":{"line":307,"column":82},"skip":true},"72":{"start":{"line":310,"column":8},"end":{"line":312,"column":9},"skip":true},"73":{"start":{"line":311,"column":12},"end":{"line":311,"column":18},"skip":true},"74":{"start":{"line":313,"column":8},"end":{"line":313,"column":54},"skip":true},"75":{"start":{"line":314,"column":8},"end":{"line":314,"column":69},"skip":true},"76":{"start":{"line":315,"column":8},"end":{"line":323,"column":36},"skip":true},"77":{"start":{"line":316,"column":12},"end":{"line":316,"column":61},"skip":true},"78":{"start":{"line":317,"column":12},"end":{"line":320,"column":13},"skip":true},"79":{"start":{"line":318,"column":16},"end":{"line":318,"column":75},"skip":true},"80":{"start":{"line":319,"column":16},"end":{"line":319,"column":23},"skip":true},"81":{"start":{"line":321,"column":12},"end":{"line":321,"column":38},"skip":true},"82":{"start":{"line":322,"column":12},"end":{"line":322,"column":27},"skip":true},"83":{"start":{"line":324,"column":8},"end":{"line":324,"column":14},"skip":true}},"branchMap":{"1":{"line":39,"type":"binary-expr","locations":[{"start":{"line":39,"column":23},"end":{"line":39,"column":62}},{"start":{"line":40,"column":20},"end":{"line":40,"column":70}},{"start":{"line":41,"column":20},"end":{"line":41,"column":71}},{"start":{"line":42,"column":20},"end":{"line":42,"column":29}}]},"2":{"line":44,"type":"binary-expr","locations":[{"start":{"line":44,"column":23},"end":{"line":44,"column":37}},{"start":{"line":45,"column":20},"end":{"line":45,"column":61}},{"start":{"line":46,"column":20},"end":{"line":46,"column":70}},{"start":{"line":47,"column":20},"end":{"line":47,"column":26}}]},"3":{"line":51,"type":"cond-expr","locations":[{"start":{"line":52,"column":14},"end":{"line":52,"column":20}},{"start":{"line":53,"column":14},"end":{"line":53,"column":20}}]},"4":{"line":55,"type":"binary-expr","locations":[{"start":{"line":55,"column":16},"end":{"line":55,"column":44}},{"start":{"line":55,"column":49},"end":{"line":57,"column":43}}]},"5":{"line":55,"type":"cond-expr","locations":[{"start":{"line":56,"column":14},"end":{"line":56,"column":60}},{"start":{"line":57,"column":14},"end":{"line":57,"column":43}}]},"6":{"line":61,"type":"switch","locations":[{"start":{"line":68,"column":4},"end":{"line":150,"column":14},"skip":true},{"start":{"line":156,"column":4},"end":{"line":324,"column":14},"skip":true}]},"7":{"line":70,"type":"if","locations":[{"start":{"line":70,"column":12},"end":{"line":70,"column":12},"skip":true},{"start":{"line":70,"column":12},"end":{"line":70,"column":12},"skip":true}]},"8":{"line":70,"type":"binary-expr","locations":[{"start":{"line":70,"column":16},"end":{"line":70,"column":22},"skip":true},{"start":{"line":70,"column":27},"end":{"line":70,"column":32},"skip":true},{"start":{"line":71,"column":20},"end":{"line":71,"column":39},"skip":true},{"start":{"line":72,"column":20},"end":{"line":72,"column":49},"skip":true},{"start":{"line":73,"column":20},"end":{"line":73,"column":58},"skip":true},{"start":{"line":74,"column":20},"end":{"line":74,"column":69},"skip":true}]},"9":{"line":79,"type":"switch","locations":[{"start":{"line":80,"column":20},"end":{"line":80,"column":33},"skip":true},{"start":{"line":81,"column":20},"end":{"line":83,"column":30},"skip":true},{"start":{"line":84,"column":20},"end":{"line":85,"column":49},"skip":true}]},"10":{"line":89,"type":"switch","locations":[{"start":{"line":90,"column":12},"end":{"line":103,"column":22},"skip":true},{"start":{"line":105,"column":12},"end":{"line":106,"column":22},"skip":true}]},"11":{"line":89,"type":"binary-expr","locations":[{"start":{"line":89,"column":20},"end":{"line":89,"column":25},"skip":true},{"start":{"line":89,"column":29},"end":{"line":89,"column":48},"skip":true},{"start":{"line":89,"column":52},"end":{"line":89,"column":74},"skip":true}]},"12":{"line":92,"type":"if","locations":[{"start":{"line":92,"column":16},"end":{"line":92,"column":16},"skip":true},{"start":{"line":92,"column":16},"end":{"line":92,"column":16},"skip":true}]},"13":{"line":108,"type":"if","locations":[{"start":{"line":108,"column":12},"end":{"line":108,"column":12},"skip":true},{"start":{"line":108,"column":12},"end":{"line":108,"column":12},"skip":true}]},"14":{"line":108,"type":"binary-expr","locations":[{"start":{"line":108,"column":16},"end":{"line":108,"column":61},"skip":true},{"start":{"line":108,"column":66},"end":{"line":108,"column":72},"skip":true},{"start":{"line":108,"column":77},"end":{"line":108,"column":82},"skip":true},{"start":{"line":109,"column":20},"end":{"line":109,"column":39},"skip":true},{"start":{"line":110,"column":20},"end":{"line":110,"column":49},"skip":true},{"start":{"line":111,"column":20},"end":{"line":111,"column":58},"skip":true},{"start":{"line":112,"column":20},"end":{"line":112,"column":68},"skip":true}]},"15":{"line":129,"type":"if","locations":[{"start":{"line":129,"column":16},"end":{"line":129,"column":16},"skip":true},{"start":{"line":129,"column":16},"end":{"line":129,"column":16},"skip":true}]},"16":{"line":134,"type":"cond-expr","locations":[{"start":{"line":135,"column":26},"end":{"line":135,"column":29},"skip":true},{"start":{"line":136,"column":26},"end":{"line":136,"column":54},"skip":true}]},"17":{"line":164,"type":"binary-expr","locations":[{"start":{"line":164,"column":27},"end":{"line":164,"column":43},"skip":true},{"start":{"line":164,"column":47},"end":{"line":164,"column":49},"skip":true}]},"18":{"line":258,"type":"if","locations":[{"start":{"line":258,"column":8},"end":{"line":258,"column":8},"skip":true},{"start":{"line":258,"column":8},"end":{"line":258,"column":8},"skip":true}]},"19":{"line":275,"type":"switch","locations":[{"start":{"line":276,"column":20},"end":{"line":277,"column":64},"skip":true},{"start":{"line":278,"column":20},"end":{"line":279,"column":40},"skip":true},{"start":{"line":280,"column":20},"end":{"line":281,"column":40},"skip":true},{"start":{"line":282,"column":20},"end":{"line":283,"column":39},"skip":true}]},"20":{"line":288,"type":"if","locations":[{"start":{"line":288,"column":8},"end":{"line":288,"column":8},"skip":true},{"start":{"line":288,"column":8},"end":{"line":288,"column":8},"skip":true}]},"21":{"line":288,"type":"binary-expr","locations":[{"start":{"line":288,"column":12},"end":{"line":288,"column":40},"skip":true},{"start":{"line":288,"column":44},"end":{"line":288,"column":67},"skip":true}]},"22":{"line":292,"type":"binary-expr","locations":[{"start":{"line":292,"column":12},"end":{"line":292,"column":50},"skip":true},{"start":{"line":293,"column":12},"end":{"line":293,"column":53},"skip":true}]},"23":{"line":297,"type":"binary-expr","locations":[{"start":{"line":297,"column":12},"end":{"line":297,"column":74},"skip":true},{"start":{"line":298,"column":12},"end":{"line":301,"column":36},"skip":true}]},"24":{"line":303,"type":"binary-expr","locations":[{"start":{"line":303,"column":43},"end":{"line":303,"column":75},"skip":true},{"start":{"line":303,"column":79},"end":{"line":303,"column":81},"skip":true}]},"25":{"line":306,"type":"if","locations":[{"start":{"line":306,"column":8},"end":{"line":306,"column":8},"skip":true},{"start":{"line":306,"column":8},"end":{"line":306,"column":8},"skip":true}]},"26":{"line":310,"type":"if","locations":[{"start":{"line":310,"column":8},"end":{"line":310,"column":8},"skip":true},{"start":{"line":310,"column":8},"end":{"line":310,"column":8},"skip":true}]},"27":{"line":313,"type":"binary-expr","locations":[{"start":{"line":313,"column":27},"end":{"line":313,"column":43},"skip":true},{"start":{"line":313,"column":47},"end":{"line":313,"column":53},"skip":true}]},"28":{"line":317,"type":"if","locations":[{"start":{"line":317,"column":12},"end":{"line":317,"column":12},"skip":true},{"start":{"line":317,"column":12},"end":{"line":317,"column":12},"skip":true}]}},"code":["/*","example.js","","quickstart example","","instruction","    1. save this script as example.js","    2. run the shell command:","        $ npm install npmtest-velocity-animate && PORT=8081 node example.js","    3. play with the browser-demo on http://127.0.0.1:8081","*/","","","","/* istanbul instrument in package npmtest_velocity_animate */","/*jslint","    bitwise: true,","    browser: true,","    maxerr: 8,","    maxlen: 96,","    node: true,","    nomen: true,","    regexp: true,","    stupid: true","*/","(function () {","    'use strict';","    var local;","","","","    // run shared js-env code - pre-init","    (function () {","        // init local","        local = {};","        // init modeJs","        local.modeJs = (function () {","            try {","                return typeof navigator.userAgent === 'string' &&","                    typeof document.querySelector('body') === 'object' &&","                    typeof XMLHttpRequest.prototype.open === 'function' &&","                    'browser';","            } catch (errorCaughtBrowser) {","                return module.exports &&","                    typeof process.versions.node === 'string' &&","                    typeof require('http').createServer === 'function' &&","                    'node';","            }","        }());","        // init global","        local.global = local.modeJs === 'browser'","            ? window","            : global;","        // init utility2_rollup","        local = local.global.utility2_rollup || (local.modeJs === 'browser'","            ? local.global.utility2_npmtest_velocity_animate","            : global.utility2_moduleExports);","        // export local","        local.global.local = local;","    }());","    switch (local.modeJs) {","","","","    // post-init","    // run browser js-env code - post-init","    /* istanbul ignore next */","    case 'browser':","        local.testRunBrowser = function (event) {","            if (!event || (event &&","                    event.currentTarget &&","                    event.currentTarget.className &&","                    event.currentTarget.className.includes &&","                    event.currentTarget.className.includes('onreset'))) {","                // reset output","                Array.from(","                    document.querySelectorAll('body > .resettable')","                ).forEach(function (element) {","                    switch (element.tagName) {","                    case 'INPUT':","                    case 'TEXTAREA':","                        element.value = '';","                        break;","                    default:","                        element.textContent = '';","                    }","                });","            }","            switch (event && event.currentTarget && event.currentTarget.id) {","            case 'testRunButton1':","                // show tests","                if (document.querySelector('#testReportDiv1').style.display === 'none') {","                    document.querySelector('#testReportDiv1').style.display = 'block';","                    document.querySelector('#testRunButton1').textContent =","                        'hide internal test';","                    local.modeTest = true;","                    local.testRunDefault(local);","                // hide tests","                } else {","                    document.querySelector('#testReportDiv1').style.display = 'none';","                    document.querySelector('#testRunButton1').textContent = 'run internal test';","                }","                break;","            // custom-case","            default:","                break;","            }","            if (document.querySelector('#inputTextareaEval1') && (!event || (event &&","                    event.currentTarget &&","                    event.currentTarget.className &&","                    event.currentTarget.className.includes &&","                    event.currentTarget.className.includes('oneval')))) {","                // try to eval input-code","                try {","                    /*jslint evil: true*/","                    eval(document.querySelector('#inputTextareaEval1').value);","                } catch (errorCaught) {","                    console.error(errorCaught);","                }","            }","        };","        // log stderr and stdout to #outputTextareaStdout1","        ['error', 'log'].forEach(function (key) {","            console[key + '_original'] = console[key];","            console[key] = function () {","                var element;","                console[key + '_original'].apply(console, arguments);","                element = document.querySelector('#outputTextareaStdout1');","                if (!element) {","                    return;","                }","                // append text to #outputTextareaStdout1","                element.value += Array.from(arguments).map(function (arg) {","                    return typeof arg === 'string'","                        ? arg","                        : JSON.stringify(arg, null, 4);","                }).join(' ') + '\\n';","                // scroll textarea to bottom","                element.scrollTop = element.scrollHeight;","            };","        });","        // init event-handling","        ['change', 'click', 'keyup'].forEach(function (event) {","            Array.from(document.querySelectorAll('.on' + event)).forEach(function (element) {","                element.addEventListener(event, local.testRunBrowser);","            });","        });","        // run tests","        local.testRunBrowser();","        break;","","","","    // run node js-env code - post-init","    /* istanbul ignore next */","    case 'node':","        // export local","        module.exports = local;","        // require modules","        local.fs = require('fs');","        local.http = require('http');","        local.url = require('url');","        // init assets","        local.assetsDict = local.assetsDict || {};","        /* jslint-ignore-begin */","        local.assetsDict['/assets.index.template.html'] = '\\","<!doctype html>\\n\\","<html lang=\"en\">\\n\\","<head>\\n\\","<meta charset=\"UTF-8\">\\n\\","<meta name=\"viewport\" content=\"width=device-width, initial-scale=1\">\\n\\","<title>{{env.npm_package_name}} (v{{env.npm_package_version}})</title>\\n\\","<style>\\n\\","/*csslint\\n\\","    box-sizing: false,\\n\\","    universal-selector: false\\n\\","*/\\n\\","* {\\n\\","    box-sizing: border-box;\\n\\","}\\n\\","body {\\n\\","    background: #dde;\\n\\","    font-family: Arial, Helvetica, sans-serif;\\n\\","    margin: 2rem;\\n\\","}\\n\\","body > * {\\n\\","    margin-bottom: 1rem;\\n\\","}\\n\\",".utility2FooterDiv {\\n\\","    margin-top: 20px;\\n\\","    text-align: center;\\n\\","}\\n\\","</style>\\n\\","<style>\\n\\","/*csslint\\n\\","*/\\n\\","textarea {\\n\\","    font-family: monospace;\\n\\","    height: 10rem;\\n\\","    width: 100%;\\n\\","}\\n\\","textarea[readonly] {\\n\\","    background: #ddd;\\n\\","}\\n\\","</style>\\n\\","</head>\\n\\","<body>\\n\\","<!-- utility2-comment\\n\\","<div id=\"ajaxProgressDiv1\" style=\"background: #d00; height: 2px; left: 0; margin: 0; padding: 0; position: fixed; top: 0; transition: background 0.5s, width 1.5s; width: 25%;\"></div>\\n\\","utility2-comment -->\\n\\","<h1>\\n\\","<!-- utility2-comment\\n\\","    <a\\n\\","        {{#if env.npm_package_homepage}}\\n\\","        href=\"{{env.npm_package_homepage}}\"\\n\\","        {{/if env.npm_package_homepage}}\\n\\","        target=\"_blank\"\\n\\","    >\\n\\","utility2-comment -->\\n\\","        {{env.npm_package_name}} (v{{env.npm_package_version}})\\n\\","<!-- utility2-comment\\n\\","    </a>\\n\\","utility2-comment -->\\n\\","</h1>\\n\\","<h3>{{env.npm_package_description}}</h3>\\n\\","<!-- utility2-comment\\n\\","<h4><a download href=\"assets.app.js\">download standalone app</a></h4>\\n\\","<button class=\"onclick onreset\" id=\"testRunButton1\">run internal test</button><br>\\n\\","<div id=\"testReportDiv1\" style=\"display: none;\"></div>\\n\\","utility2-comment -->\\n\\","\\n\\","\\n\\","\\n\\","<label>stderr and stdout</label>\\n\\","<textarea class=\"resettable\" id=\"outputTextareaStdout1\" readonly></textarea>\\n\\","<!-- utility2-comment\\n\\","{{#if isRollup}}\\n\\","<script src=\"assets.app.js\"></script>\\n\\","{{#unless isRollup}}\\n\\","utility2-comment -->\\n\\","<script src=\"assets.utility2.rollup.js\"></script>\\n\\","<script src=\"jsonp.utility2._stateInit?callback=window.utility2._stateInit\"></script>\\n\\","<script src=\"assets.npmtest_velocity_animate.rollup.js\"></script>\\n\\","<script src=\"assets.example.js\"></script>\\n\\","<script src=\"assets.test.js\"></script>\\n\\","<!-- utility2-comment\\n\\","{{/if isRollup}}\\n\\","utility2-comment -->\\n\\","<div class=\"utility2FooterDiv\">\\n\\","    [ this app was created with\\n\\","    <a href=\"https://github.com/kaizhu256/node-utility2\" target=\"_blank\">utility2</a>\\n\\","    ]\\n\\","</div>\\n\\","</body>\\n\\","</html>\\n\\","';","        /* jslint-ignore-end */","        if (local.templateRender) {","            local.assetsDict['/'] = local.templateRender(","                local.assetsDict['/assets.index.template.html'],","                {","                    env: local.objectSetDefault(local.env, {","                        npm_package_description: 'the greatest app in the world!',","                        npm_package_name: 'my-app',","                        npm_package_nameAlias: 'my_app',","                        npm_package_version: '0.0.1'","                    })","                }","            );","        } else {","            local.assetsDict['/'] = local.assetsDict['/assets.index.template.html']","                .replace((/\\{\\{env\\.(\\w+?)\\}\\}/g), function (match0, match1) {","                    // jslint-hack","                    String(match0);","                    switch (match1) {","                    case 'npm_package_description':","                        return 'the greatest app in the world!';","                    case 'npm_package_name':","                        return 'my-app';","                    case 'npm_package_nameAlias':","                        return 'my_app';","                    case 'npm_package_version':","                        return '0.0.1';","                    }","                });","        }","        // run the cli","        if (local.global.utility2_rollup || module !== require.main) {","            break;","        }","        local.assetsDict['/assets.example.js'] =","            local.assetsDict['/assets.example.js'] ||","            local.fs.readFileSync(__filename, 'utf8');","        // bug-workaround - long $npm_package_buildCustomOrg","        /* jslint-ignore-begin */","        local.assetsDict['/assets.npmtest_velocity_animate.rollup.js'] =","            local.assetsDict['/assets.npmtest_velocity_animate.rollup.js'] ||","            local.fs.readFileSync(","                local.npmtest_velocity_animate.__dirname + '/lib.npmtest_velocity_animate.js',","                'utf8'","            ).replace((/^#!/), '//');","        /* jslint-ignore-end */","        local.assetsDict['/favicon.ico'] = local.assetsDict['/favicon.ico'] || '';","        // if $npm_config_timeout_exit exists,","        // then exit this process after $npm_config_timeout_exit ms","        if (Number(process.env.npm_config_timeout_exit)) {","            setTimeout(process.exit, Number(process.env.npm_config_timeout_exit));","        }","        // start server","        if (local.global.utility2_serverHttp1) {","            break;","        }","        process.env.PORT = process.env.PORT || '8081';","        console.error('server starting on port ' + process.env.PORT);","        local.http.createServer(function (request, response) {","            request.urlParsed = local.url.parse(request.url);","            if (local.assetsDict[request.urlParsed.pathname] !== undefined) {","                response.end(local.assetsDict[request.urlParsed.pathname]);","                return;","            }","            response.statusCode = 404;","            response.end();","        }).listen(process.env.PORT);","        break;","    }","}());",""],"l":{"26":2,"28":2,"33":2,"35":2,"37":2,"38":2,"39":2,"44":1,"51":2,"55":2,"59":2,"61":2,"69":1,"70":2,"76":2,"79":2,"82":2,"83":2,"85":1,"89":2,"92":1,"93":1,"94":1,"96":1,"97":1,"100":1,"101":1,"103":1,"106":1,"108":2,"114":1,"116":1,"118":1,"123":1,"124":2,"125":2,"126":3,"127":3,"128":3,"129":3,"130":1,"133":3,"134":3,"139":3,"143":1,"144":3,"145":1,"149":1,"150":1,"158":1,"160":1,"161":1,"162":1,"164":1,"166":1,"258":1,"259":1,"271":1,"274":6,"275":6,"277":1,"279":2,"281":1,"283":2,"288":1,"289":1,"291":1,"296":1,"303":1,"306":1,"307":1,"310":1,"311":1,"313":1,"314":1,"315":1,"316":1,"317":1,"318":1,"319":1,"321":1,"322":1,"324":1}},"/home/travis/build/npmtest/node-npmtest-velocity-animate/node_modules/velocity-animate/velocity.js":{"path":"/home/travis/build/npmtest/node-npmtest-velocity-animate/node_modules/velocity-animate/velocity.js","s":{"1":2,"2":0,"3":0,"4":0,"5":0,"6":0,"7":0,"8":0,"9":0,"10":0,"11":0,"12":0,"13":0,"14":1,"15":0,"16":0,"17":0,"18":0,"19":0,"20":0,"21":0,"22":0,"23":0,"24":0,"25":0,"26":0,"27":0,"28":0,"29":0,"30":0,"31":0,"32":0,"33":0,"34":0,"35":0,"36":0,"37":0,"38":0,"39":0,"40":0,"41":0,"42":0,"43":0,"44":0,"45":0,"46":0,"47":0,"48":0,"49":0,"50":0,"51":0,"52":0,"53":0,"54":0,"55":0,"56":0,"57":0,"58":0,"59":0,"60":0,"61":0,"62":0,"63":0,"64":0,"65":0,"66":0,"67":0,"68":0,"69":0,"70":0,"71":0,"72":0,"73":0,"74":0,"75":0,"76":0,"77":0,"78":0,"79":0,"80":0,"81":0,"82":0,"83":0,"84":0,"85":0,"86":0,"87":0,"88":0,"89":0,"90":0,"91":0,"92":0,"93":0,"94":0,"95":0,"96":0,"97":0,"98":0,"99":0,"100":0,"101":0,"102":0,"103":0,"104":0,"105":0,"106":0,"107":1,"108":0,"109":0,"110":0,"111":0,"112":0,"113":0,"114":0,"115":0,"116":0,"117":0,"118":0,"119":0,"120":0,"121":0,"122":0,"123":0,"124":0,"125":0,"126":0,"127":0,"128":0,"129":0,"130":0,"131":0,"132":0,"133":0,"134":0,"135":0,"136":0,"137":0,"138":0,"139":0,"140":0,"141":0,"142":0,"143":0,"144":0,"145":0,"146":0,"147":0,"148":0,"149":0,"150":1,"151":0,"152":0,"153":0,"154":0,"155":0,"156":0,"157":0,"158":0,"159":0,"160":0,"161":0,"162":0,"163":0,"164":0,"165":0,"166":0,"167":0,"168":0,"169":0,"170":0,"171":0,"172":0,"173":0,"174":0,"175":0,"176":0,"177":0,"178":0,"179":0,"180":0,"181":0,"182":0,"183":0,"184":0,"185":0,"186":0,"187":0,"188":0,"189":0,"190":0,"191":0,"192":0,"193":0,"194":0,"195":0,"196":0,"197":0,"198":0,"199":0,"200":0,"201":0,"202":0,"203":1,"204":0,"205":0,"206":0,"207":0,"208":0,"209":0,"210":0,"211":0,"212":0,"213":0,"214":0,"215":0,"216":0,"217":0,"218":0,"219":0,"220":0,"221":0,"222":0,"223":0,"224":0,"225":0,"226":0,"227":0,"228":0,"229":0,"230":0,"231":0,"232":0,"233":0,"234":0,"235":0,"236":0,"237":0,"238":0,"239":0,"240":0,"241":0,"242":0,"243":0,"244":1,"245":0,"246":0,"247":0,"248":0,"249":0,"250":0,"251":0,"252":0,"253":0,"254":0,"255":0,"256":0,"257":0,"258":0,"259":0,"260":0,"261":0,"262":0,"263":0,"264":0,"265":0,"266":0,"267":0,"268":0,"269":0,"270":0,"271":0,"272":0,"273":0,"274":0,"275":0,"276":0,"277":0,"278":0,"279":0,"280":0,"281":0,"282":0,"283":0,"284":0,"285":0,"286":0,"287":0,"288":0,"289":0,"290":0,"291":0,"292":0,"293":0,"294":0,"295":0,"296":0,"297":0,"298":0,"299":0,"300":0,"301":0,"302":0,"303":1,"304":0,"305":0,"306":1,"307":0,"308":0,"309":0,"310":0,"311":0,"312":1,"313":0,"314":0,"315":0,"316":0,"317":1,"318":0,"319":0,"320":1,"321":0,"322":0,"323":0,"324":0,"325":0,"326":0,"327":0,"328":0,"329":0,"330":0,"331":0,"332":1,"333":0,"334":1,"335":0,"336":1,"337":0,"338":1,"339":0,"340":1,"341":0,"342":1,"343":0,"344":0,"345":0,"346":0,"347":0,"348":0,"349":0,"350":1,"351":0,"352":0,"353":1,"354":0,"355":0,"356":0,"357":0,"358":0,"359":0,"360":0,"361":0,"362":1,"363":0,"364":0,"365":0,"366":0,"367":0,"368":0,"369":0,"370":0,"371":0,"372":0,"373":0,"374":1,"375":0,"376":0,"377":0,"378":0,"379":0,"380":0,"381":0,"382":0,"383":0,"384":0,"385":0,"386":0,"387":0,"388":0,"389":0,"390":0,"391":0,"392":0,"393":0,"394":0,"395":1,"396":0,"397":1,"398":0,"399":0,"400":1,"401":0,"402":0,"403":0,"404":0,"405":0,"406":0,"407":0,"408":0,"409":0,"410":0,"411":0,"412":0,"413":0,"414":0,"415":0,"416":0,"417":0,"418":0,"419":0,"420":0,"421":0,"422":0,"423":0,"424":0,"425":0,"426":0,"427":0,"428":0,"429":0,"430":0,"431":1,"432":0,"433":0,"434":0,"435":0,"436":0,"437":0,"438":0,"439":0,"440":0,"441":0,"442":0,"443":0,"444":0,"445":0,"446":0,"447":0,"448":0,"449":0,"450":0,"451":0,"452":0,"453":0,"454":0,"455":0,"456":0,"457":0,"458":0,"459":0,"460":0,"461":0,"462":0,"463":0,"464":0,"465":0,"466":0,"467":0,"468":0,"469":0,"470":0,"471":0,"472":0,"473":0,"474":0,"475":0,"476":0,"477":0,"478":0,"479":0,"480":0,"481":0,"482":0,"483":0,"484":0,"485":0,"486":0,"487":0,"488":0,"489":0,"490":0,"491":0,"492":0,"493":0,"494":0,"495":0,"496":0,"497":0,"498":0,"499":0,"500":0,"501":0,"502":0,"503":0,"504":0,"505":0,"506":0,"507":0,"508":0,"509":0,"510":0,"511":0,"512":0,"513":0,"514":0,"515":0,"516":0,"517":0,"518":0,"519":0,"520":0,"521":0,"522":0,"523":0,"524":0,"525":0,"526":0,"527":0,"528":0,"529":0,"530":0,"531":0,"532":0,"533":0,"534":0,"535":0,"536":0,"537":0,"538":0,"539":0,"540":0,"541":0,"542":0,"543":0,"544":0,"545":0,"546":0,"547":0,"548":0,"549":0,"550":0,"551":0,"552":0,"553":0,"554":0,"555":0,"556":0,"557":0,"558":0,"559":0,"560":0,"561":0,"562":0,"563":0,"564":0,"565":0,"566":0,"567":0,"568":0,"569":0,"570":0,"571":0,"572":0,"573":0,"574":0,"575":0,"576":0,"577":0,"578":0,"579":0,"580":0,"581":0,"582":0,"583":0,"584":0,"585":0,"586":0,"587":0,"588":0,"589":0,"590":0,"591":0,"592":0,"593":0,"594":0,"595":0,"596":0,"597":0,"598":0,"599":1,"600":0,"601":0,"602":0,"603":0,"604":0,"605":0,"606":0,"607":0,"608":0,"609":1,"610":0,"611":0,"612":0,"613":0,"614":0,"615":0,"616":0,"617":0,"618":0,"619":0,"620":0,"621":0,"622":0,"623":0,"624":0,"625":0,"626":0,"627":0,"628":0,"629":0,"630":0,"631":0,"632":0,"633":0,"634":0,"635":0,"636":0,"637":0,"638":0,"639":0,"640":0,"641":0,"642":0,"643":0,"644":0,"645":0,"646":0,"647":0,"648":0,"649":0,"650":0,"651":0,"652":0,"653":0,"654":0,"655":0,"656":0,"657":0,"658":0,"659":0,"660":0,"661":0,"662":0,"663":0,"664":0,"665":0,"666":0,"667":0,"668":0,"669":0,"670":0,"671":0,"672":0,"673":0,"674":0,"675":1,"676":0,"677":0,"678":0,"679":0,"680":0,"681":0,"682":0,"683":0,"684":0,"685":0,"686":0,"687":0,"688":0,"689":0,"690":0,"691":0,"692":0,"693":0,"694":0,"695":0,"696":0,"697":0,"698":0,"699":0,"700":0,"701":0,"702":0,"703":0,"704":0,"705":0,"706":0,"707":0,"708":0,"709":0,"710":0,"711":0,"712":0,"713":0,"714":0,"715":0,"716":0,"717":0,"718":0,"719":0,"720":0,"721":0,"722":0,"723":0,"724":0,"725":0,"726":0,"727":0,"728":0,"729":0,"730":0,"731":0,"732":0,"733":0,"734":0,"735":0,"736":0,"737":0,"738":0,"739":0,"740":0,"741":0,"742":0,"743":0,"744":0,"745":0,"746":0,"747":0,"748":0,"749":0,"750":0,"751":0,"752":0,"753":0,"754":0,"755":0,"756":0,"757":0,"758":0,"759":0,"760":0,"761":0,"762":0,"763":0,"764":0,"765":0,"766":0,"767":0,"768":0,"769":0,"770":0,"771":0,"772":0,"773":0,"774":0,"775":0,"776":0,"777":0,"778":0,"779":0,"780":0,"781":0,"782":0,"783":0,"784":0,"785":0,"786":0,"787":0,"788":0,"789":0,"790":0,"791":0,"792":0,"793":0,"794":0,"795":0,"796":0,"797":0,"798":0,"799":0,"800":0,"801":0,"802":0,"803":0,"804":0,"805":0,"806":0,"807":0,"808":0,"809":0,"810":0,"811":0,"812":0,"813":0,"814":0,"815":0,"816":0,"817":0,"818":0,"819":0,"820":0,"821":1,"822":0,"823":0,"824":0,"825":0,"826":0,"827":0,"828":0,"829":0,"830":0,"831":0,"832":0,"833":0,"834":0,"835":0,"836":0,"837":0,"838":0,"839":0,"840":0,"841":0,"842":0,"843":0,"844":0,"845":0,"846":0,"847":0,"848":0,"849":0,"850":0,"851":0,"852":0,"853":0,"854":0,"855":0,"856":0,"857":0,"858":0,"859":0,"860":0,"861":0,"862":0,"863":0,"864":0,"865":0,"866":0,"867":0,"868":0,"869":0,"870":0,"871":0,"872":0,"873":0,"874":0,"875":0,"876":0,"877":0,"878":0,"879":0,"880":0,"881":0,"882":0,"883":0,"884":0,"885":0,"886":0,"887":0,"888":0,"889":0,"890":0,"891":0,"892":0,"893":0,"894":0,"895":0,"896":0,"897":0,"898":0,"899":0,"900":0,"901":0,"902":0,"903":0,"904":0,"905":0,"906":0,"907":0,"908":0,"909":0,"910":0,"911":0,"912":0,"913":0,"914":0,"915":0,"916":0,"917":0,"918":0,"919":0,"920":0,"921":0,"922":0,"923":0,"924":0,"925":0,"926":0,"927":0,"928":0,"929":0,"930":0,"931":0,"932":0,"933":0,"934":0,"935":0,"936":0,"937":0,"938":0,"939":0,"940":0,"941":0,"942":0,"943":0,"944":0,"945":0,"946":0,"947":0,"948":0,"949":0,"950":0,"951":0,"952":0,"953":0,"954":0,"955":0,"956":0,"957":0,"958":0,"959":0,"960":0,"961":0,"962":0,"963":0,"964":0,"965":0,"966":0,"967":0,"968":0,"969":0,"970":1,"971":0,"972":0,"973":0,"974":0,"975":0,"976":0,"977":0,"978":0,"979":0,"980":0,"981":0,"982":0,"983":0,"984":0,"985":0,"986":0,"987":0,"988":0,"989":0,"990":0,"991":0,"992":0,"993":0,"994":0,"995":0,"996":0,"997":0,"998":0,"999":0,"1000":0,"1001":0,"1002":0,"1003":0,"1004":0,"1005":0,"1006":0,"1007":0,"1008":0,"1009":0,"1010":0,"1011":0,"1012":0,"1013":1,"1014":0,"1015":0,"1016":0,"1017":0,"1018":0,"1019":0,"1020":0,"1021":0,"1022":0,"1023":0,"1024":0,"1025":0,"1026":0,"1027":0,"1028":0,"1029":0,"1030":0,"1031":0,"1032":0,"1033":0,"1034":0,"1035":0,"1036":0,"1037":0,"1038":0,"1039":0,"1040":0,"1041":0,"1042":0,"1043":0,"1044":0,"1045":0,"1046":0,"1047":0,"1048":0,"1049":0,"1050":0,"1051":0,"1052":0,"1053":0,"1054":0,"1055":0,"1056":0,"1057":0,"1058":0,"1059":0,"1060":0,"1061":0,"1062":0,"1063":0,"1064":0,"1065":0,"1066":0,"1067":0,"1068":0,"1069":0,"1070":0,"1071":0,"1072":0,"1073":0,"1074":0,"1075":0,"1076":0,"1077":0,"1078":0,"1079":0,"1080":0,"1081":0,"1082":0,"1083":0,"1084":0,"1085":0,"1086":0,"1087":0,"1088":0,"1089":0,"1090":0,"1091":0,"1092":0,"1093":0,"1094":0,"1095":0,"1096":0,"1097":0,"1098":0,"1099":0,"1100":0,"1101":0,"1102":0,"1103":0,"1104":0,"1105":0,"1106":0,"1107":0,"1108":0,"1109":0,"1110":0,"1111":0,"1112":0,"1113":0,"1114":0,"1115":0,"1116":0,"1117":0,"1118":0,"1119":0,"1120":0,"1121":0,"1122":0,"1123":0,"1124":0,"1125":0,"1126":0,"1127":0,"1128":0,"1129":0,"1130":0,"1131":0,"1132":0,"1133":0,"1134":0,"1135":0,"1136":0,"1137":0,"1138":0,"1139":0,"1140":0,"1141":0,"1142":0,"1143":0,"1144":0,"1145":0,"1146":0,"1147":0,"1148":0,"1149":0,"1150":0,"1151":0,"1152":0,"1153":0,"1154":0,"1155":0,"1156":0,"1157":0,"1158":0,"1159":0,"1160":0,"1161":0,"1162":0,"1163":0,"1164":0,"1165":0,"1166":0,"1167":0,"1168":0,"1169":0,"1170":0,"1171":0,"1172":0,"1173":0,"1174":0,"1175":0,"1176":0,"1177":0,"1178":0,"1179":0,"1180":0,"1181":0,"1182":0,"1183":0,"1184":0,"1185":0,"1186":0,"1187":0,"1188":0,"1189":0,"1190":0,"1191":0,"1192":0,"1193":0,"1194":0,"1195":0,"1196":0,"1197":0,"1198":0,"1199":0,"1200":0,"1201":0,"1202":0,"1203":0,"1204":0,"1205":0,"1206":0,"1207":0,"1208":0,"1209":0,"1210":0,"1211":0,"1212":0,"1213":0,"1214":0,"1215":0,"1216":0,"1217":0,"1218":0,"1219":0,"1220":0,"1221":0,"1222":0,"1223":0,"1224":0,"1225":0,"1226":0,"1227":0,"1228":0,"1229":0,"1230":0,"1231":0,"1232":0,"1233":0,"1234":0,"1235":0,"1236":0,"1237":0,"1238":0,"1239":0,"1240":0,"1241":0,"1242":0,"1243":0,"1244":0,"1245":0,"1246":0,"1247":0,"1248":0,"1249":0,"1250":0,"1251":0,"1252":0,"1253":0,"1254":0,"1255":0,"1256":0,"1257":0,"1258":0,"1259":0,"1260":0,"1261":0,"1262":0,"1263":0,"1264":0,"1265":0,"1266":0,"1267":0,"1268":0,"1269":0,"1270":0,"1271":0,"1272":0,"1273":0,"1274":0,"1275":0,"1276":0,"1277":0,"1278":0,"1279":0,"1280":0,"1281":0,"1282":0,"1283":0,"1284":0,"1285":0,"1286":0,"1287":0,"1288":0,"1289":0,"1290":0,"1291":0,"1292":0,"1293":0,"1294":0,"1295":0,"1296":0,"1297":0,"1298":0,"1299":0,"1300":0,"1301":0,"1302":0,"1303":0,"1304":0,"1305":0,"1306":0,"1307":0,"1308":0,"1309":0,"1310":0,"1311":0,"1312":0,"1313":0,"1314":0,"1315":0,"1316":0,"1317":0,"1318":0,"1319":0,"1320":0,"1321":0,"1322":0,"1323":0,"1324":0,"1325":0,"1326":0,"1327":0,"1328":0,"1329":0,"1330":0,"1331":0,"1332":0,"1333":0,"1334":0,"1335":0,"1336":0,"1337":0,"1338":0,"1339":0,"1340":0,"1341":0,"1342":0,"1343":0,"1344":0,"1345":0,"1346":0,"1347":0,"1348":0,"1349":0,"1350":0,"1351":0,"1352":0,"1353":0,"1354":0,"1355":0,"1356":0,"1357":1,"1358":0,"1359":0,"1360":0,"1361":0,"1362":0,"1363":0,"1364":0,"1365":0,"1366":0,"1367":0,"1368":0,"1369":0,"1370":0,"1371":0,"1372":0,"1373":0,"1374":0,"1375":0,"1376":0,"1377":0,"1378":0,"1379":0,"1380":0,"1381":0,"1382":0,"1383":0,"1384":0,"1385":0,"1386":0,"1387":0,"1388":0,"1389":0,"1390":0,"1391":0,"1392":0,"1393":0,"1394":0,"1395":0,"1396":0,"1397":0,"1398":0,"1399":0,"1400":0,"1401":0,"1402":0,"1403":0,"1404":0,"1405":0,"1406":0,"1407":0,"1408":0,"1409":0,"1410":0,"1411":0,"1412":0,"1413":0,"1414":0,"1415":0,"1416":0,"1417":0,"1418":0,"1419":0,"1420":0,"1421":0,"1422":0,"1423":0,"1424":0,"1425":0,"1426":0,"1427":0,"1428":0,"1429":0,"1430":0,"1431":0,"1432":0,"1433":0,"1434":0,"1435":0,"1436":0,"1437":0,"1438":1,"1439":0,"1440":0,"1441":0,"1442":0,"1443":0,"1444":0,"1445":0,"1446":0,"1447":0,"1448":0,"1449":0,"1450":0,"1451":0,"1452":0,"1453":0,"1454":0,"1455":0,"1456":0,"1457":0,"1458":0,"1459":0,"1460":0,"1461":0,"1462":0,"1463":0,"1464":0,"1465":0,"1466":0,"1467":0,"1468":0,"1469":0,"1470":0,"1471":0,"1472":0,"1473":0,"1474":0,"1475":0,"1476":0,"1477":0,"1478":0,"1479":0,"1480":0,"1481":0,"1482":0,"1483":0,"1484":0,"1485":0,"1486":0,"1487":0,"1488":0,"1489":0,"1490":0,"1491":0,"1492":0,"1493":0,"1494":0,"1495":0,"1496":0,"1497":0,"1498":0,"1499":0,"1500":0,"1501":0,"1502":0,"1503":0,"1504":0,"1505":0,"1506":0,"1507":0,"1508":0,"1509":0,"1510":0,"1511":0,"1512":0,"1513":0,"1514":0,"1515":0,"1516":0,"1517":0,"1518":0,"1519":0,"1520":0,"1521":0,"1522":0,"1523":0,"1524":0,"1525":0,"1526":0,"1527":0,"1528":0,"1529":0,"1530":0,"1531":0,"1532":0,"1533":0,"1534":0,"1535":0,"1536":0,"1537":0,"1538":0,"1539":0,"1540":0},"b":{"1":[0,0],"2":[0,0],"3":[0,0],"4":[0,0],"5":[0,0],"6":[0,0],"7":[0,0],"8":[0,0],"9":[0,0],"10":[0,0],"11":[0,0],"12":[0,0,0,0,0],"13":[0,0],"14":[0,0,0,0],"15":[0,0],"16":[0,0,0],"17":[0,0],"18":[0,0],"19":[0,0],"20":[0,0],"21":[0,0],"22":[0,0],"23":[0,0],"24":[0,0],"25":[0,0],"26":[0,0],"27":[0,0],"28":[0,0],"29":[0,0],"30":[0,0],"31":[0,0],"32":[0,0],"33":[0,0],"34":[0,0],"35":[0,0],"36":[0,0],"37":[0,0],"38":[0,0],"39":[0,0],"40":[0,0],"41":[0,0],"42":[0,0],"43":[0,0],"44":[0,0],"45":[0,0],"46":[0,0],"47":[0,0],"48":[0,0,0,0],"49":[0,0],"50":[0,0],"51":[0,0],"52":[0,0],"53":[0,0],"54":[0,0],"55":[0,0],"56":[0,0],"57":[0,0],"58":[0,0],"59":[0,0],"60":[0,0],"61":[0,0],"62":[0,0],"63":[0,0],"64":[0,0],"65":[0,0],"66":[0,0],"67":[0,0],"68":[0,0],"69":[0,0],"70":[0,0],"71":[0,0],"72":[0,0],"73":[0,0,0],"74":[0,0],"75":[0,0,0],"76":[0,0],"77":[0,0,0,0],"78":[0,0],"79":[0,0],"80":[0,0],"81":[0,0],"82":[0,0],"83":[0,0],"84":[0,0],"85":[0,0],"86":[0,0],"87":[0,0],"88":[0,0],"89":[0,0],"90":[0,0],"91":[0,0,0],"92":[0,0],"93":[0,0],"94":[0,0],"95":[0,0],"96":[0,0],"97":[0,0],"98":[0,0],"99":[0,0],"100":[0,0],"101":[0,0],"102":[0,0],"103":[0,0],"104":[0,0],"105":[0,0],"106":[0,0],"107":[0,0],"108":[0,0],"109":[0,0],"110":[0,0],"111":[0,0],"112":[0,0,0,0,0,0,0,0],"113":[0,0],"114":[0,0],"115":[0,0],"116":[0,0],"117":[0,0],"118":[0,0],"119":[0,0],"120":[0,0],"121":[0,0],"122":[0,0,0],"123":[0,0],"124":[0,0],"125":[0,0],"126":[0,0,0],"127":[0,0],"128":[0,0],"129":[0,0],"130":[0,0,0],"131":[0,0],"132":[0,0],"133":[0,0,0],"134":[0,0],"135":[0,0,0],"136":[0,0],"137":[0,0],"138":[0,0,0],"139":[0,0],"140":[0,0],"141":[0,0],"142":[0,0],"143":[0,0],"144":[0,0],"145":[0,0],"146":[0,0],"147":[0,0],"148":[0,0],"149":[0,0],"150":[0,0],"151":[0,0],"152":[0,0],"153":[0,0],"154":[0,0],"155":[0,0],"156":[0,0],"157":[0,0],"158":[0,0],"159":[0,0],"160":[0,0],"161":[0,0],"162":[0,0],"163":[0,0],"164":[0,0],"165":[0,0],"166":[0,0],"167":[0,0],"168":[0,0],"169":[0,0],"170":[0,0],"171":[0,0],"172":[0,0],"173":[0,0],"174":[0,0],"175":[0,0],"176":[0,0],"177":[0,0],"178":[0,0],"179":[0,0],"180":[0,0],"181":[0,0],"182":[0,0],"183":[0,0],"184":[0,0],"185":[0,0],"186":[0,0],"187":[0,0],"188":[0,0],"189":[0,0],"190":[0,0,0],"191":[0,0],"192":[0,0],"193":[0,0,0],"194":[0,0],"195":[0,0],"196":[0,0],"197":[0,0],"198":[0,0],"199":[0,0],"200":[0,0,0],"201":[0,0],"202":[0,0],"203":[0,0,0],"204":[0,0],"205":[0,0,0],"206":[0,0,0],"207":[0,0],"208":[0,0],"209":[0,0],"210":[0,0,0,0,0],"211":[0,0],"212":[0,0,0],"213":[0,0],"214":[0,0,0],"215":[0,0],"216":[0,0],"217":[0,0],"218":[0,0],"219":[0,0],"220":[0,0],"221":[0,0],"222":[0,0,0],"223":[0,0],"224":[0,0],"225":[0,0],"226":[0,0],"227":[0,0],"228":[0,0],"229":[0,0],"230":[0,0],"231":[0,0],"232":[0,0],"233":[0,0,0],"234":[0,0],"235":[0,0,0],"236":[0,0],"237":[0,0],"238":[0,0],"239":[0,0],"240":[0,0],"241":[0,0],"242":[0,0],"243":[0,0],"244":[0,0],"245":[0,0],"246":[0,0],"247":[0,0],"248":[0,0],"249":[0,0],"250":[0,0],"251":[0,0],"252":[0,0],"253":[0,0],"254":[0,0],"255":[0,0],"256":[0,0],"257":[0,0],"258":[0,0],"259":[0,0],"260":[0,0],"261":[0,0],"262":[0,0],"263":[0,0],"264":[0,0],"265":[0,0],"266":[0,0],"267":[0,0],"268":[0,0],"269":[0,0],"270":[0,0],"271":[0,0],"272":[0,0],"273":[0,0],"274":[0,0],"275":[0,0],"276":[0,0],"277":[0,0],"278":[0,0],"279":[0,0],"280":[0,0],"281":[0,0],"282":[0,0],"283":[0,0],"284":[0,0],"285":[0,0],"286":[0,0],"287":[0,0],"288":[0,0,0],"289":[0,0],"290":[0,0],"291":[0,0],"292":[0,0],"293":[0,0],"294":[0,0],"295":[0,0],"296":[0,0],"297":[0,0],"298":[0,0,0],"299":[0,0],"300":[0,0],"301":[0,0],"302":[0,0],"303":[0,0],"304":[0,0],"305":[0,0],"306":[0,0],"307":[0,0],"308":[0,0],"309":[0,0],"310":[0,0],"311":[0,0],"312":[0,0],"313":[0,0,0],"314":[0,0],"315":[0,0],"316":[0,0,0,0,0],"317":[0,0],"318":[0,0],"319":[0,0],"320":[0,0],"321":[0,0],"322":[0,0],"323":[0,0],"324":[0,0],"325":[0,0],"326":[0,0],"327":[0,0],"328":[0,0],"329":[0,0],"330":[0,0],"331":[0,0],"332":[0,0,0,0,0],"333":[0,0],"334":[0,0],"335":[0,0],"336":[0,0],"337":[0,0],"338":[0,0],"339":[0,0],"340":[0,0],"341":[0,0],"342":[0,0],"343":[0,0],"344":[0,0,0],"345":[0,0],"346":[0,0],"347":[0,0],"348":[0,0,0],"349":[0,0],"350":[0,0],"351":[0,0],"352":[0,0,0,0,0,0,0,0],"353":[0,0],"354":[0,0],"355":[0,0],"356":[0,0,0],"357":[0,0],"358":[0,0],"359":[0,0],"360":[0,0],"361":[0,0],"362":[0,0],"363":[0,0,0],"364":[0,0],"365":[0,0],"366":[0,0],"367":[0,0],"368":[0,0],"369":[0,0],"370":[0,0],"371":[0,0],"372":[0,0,0],"373":[0,0],"374":[0,0],"375":[0,0],"376":[0,0],"377":[0,0],"378":[0,0],"379":[0,0,0],"380":[0,0],"381":[0,0],"382":[0,0],"383":[0,0],"384":[0,0],"385":[0,0],"386":[0,0],"387":[0,0],"388":[0,0],"389":[0,0,0],"390":[0,0],"391":[0,0],"392":[0,0],"393":[0,0],"394":[0,0],"395":[0,0],"396":[0,0],"397":[0,0],"398":[0,0],"399":[0,0],"400":[0,0],"401":[0,0],"402":[0,0],"403":[0,0],"404":[0,0],"405":[0,0],"406":[0,0],"407":[0,0],"408":[0,0],"409":[0,0],"410":[0,0],"411":[0,0],"412":[0,0],"413":[0,0,0,0],"414":[0,0],"415":[0,0],"416":[0,0],"417":[0,0],"418":[0,0],"419":[0,0],"420":[0,0],"421":[0,0],"422":[0,0],"423":[0,0],"424":[0,0],"425":[0,0],"426":[0,0],"427":[0,0],"428":[0,0],"429":[0,0],"430":[0,0,0],"431":[0,0],"432":[0,0],"433":[0,0],"434":[0,0],"435":[0,0],"436":[0,0],"437":[0,0],"438":[0,0],"439":[0,0],"440":[0,0],"441":[0,0],"442":[0,0],"443":[0,0],"444":[0,0],"445":[0,0],"446":[0,0],"447":[0,0],"448":[0,0],"449":[0,0],"450":[0,0],"451":[0,0],"452":[0,0],"453":[0,0],"454":[0,0],"455":[0,0],"456":[0,0,0],"457":[0,0],"458":[0,0],"459":[0,0],"460":[0,0,0,0],"461":[0,0],"462":[0,0,0,0],"463":[0,0],"464":[0,0],"465":[0,0],"466":[0,0],"467":[0,0],"468":[0,0],"469":[0,0],"470":[0,0],"471":[0,0,0,0,0],"472":[0,0],"473":[0,0],"474":[0,0,0,0,0,0,0,0],"475":[0,0],"476":[0,0,0],"477":[0,0],"478":[0,0],"479":[0,0],"480":[0,0],"481":[0,0],"482":[0,0],"483":[0,0],"484":[0,0,0],"485":[0,0],"486":[0,0],"487":[0,0],"488":[0,0],"489":[0,0],"490":[0,0],"491":[0,0],"492":[0,0],"493":[0,0],"494":[0,0],"495":[0,0],"496":[0,0],"497":[0,0],"498":[0,0],"499":[0,0],"500":[0,0],"501":[0,0],"502":[0,0],"503":[0,0],"504":[0,0],"505":[0,0,0,0,0,0,0,0,0,0],"506":[0,0],"507":[0,0,0,0,0],"508":[0,0],"509":[0,0,0,0,0,0,0,0,0,0],"510":[0,0],"511":[0,0],"512":[0,0],"513":[0,0],"514":[0,0],"515":[0,0],"516":[0,0,0,0,0],"517":[0,0],"518":[0,0],"519":[0,0],"520":[0,0],"521":[0,0],"522":[0,0],"523":[0,0],"524":[0,0],"525":[0,0],"526":[0,0],"527":[0,0],"528":[0,0],"529":[0,0],"530":[0,0],"531":[0,0],"532":[0,0],"533":[0,0],"534":[0,0],"535":[0,0],"536":[0,0],"537":[0,0],"538":[0,0],"539":[0,0],"540":[0,0],"541":[0,0],"542":[0,0],"543":[0,0],"544":[0,0],"545":[0,0],"546":[0,0],"547":[0,0],"548":[0,0],"549":[0,0],"550":[0,0],"551":[0,0],"552":[0,0,0],"553":[0,0,0],"554":[0,0],"555":[0,0,0],"556":[0,0],"557":[0,0,0,0],"558":[0,0],"559":[0,0],"560":[0,0],"561":[0,0],"562":[0,0],"563":[0,0],"564":[0,0],"565":[0,0],"566":[0,0],"567":[0,0],"568":[0,0],"569":[0,0],"570":[0,0],"571":[0,0],"572":[0,0],"573":[0,0],"574":[0,0],"575":[0,0],"576":[0,0,0],"577":[0,0],"578":[0,0],"579":[0,0],"580":[0,0],"581":[0,0],"582":[0,0],"583":[0,0],"584":[0,0],"585":[0,0],"586":[0,0],"587":[0,0],"588":[0,0],"589":[0,0],"590":[0,0],"591":[0,0],"592":[0,0],"593":[0,0],"594":[0,0],"595":[0,0,0],"596":[0,0],"597":[0,0],"598":[0,0],"599":[0,0],"600":[0,0],"601":[0,0],"602":[0,0],"603":[0,0],"604":[0,0],"605":[0,0],"606":[0,0],"607":[0,0],"608":[0,0],"609":[0,0],"610":[0,0],"611":[0,0],"612":[0,0],"613":[0,0],"614":[0,0],"615":[0,0],"616":[0,0],"617":[0,0],"618":[0,0],"619":[0,0],"620":[0,0],"621":[0,0],"622":[0,0],"623":[0,0],"624":[0,0],"625":[0,0],"626":[0,0],"627":[0,0],"628":[0,0],"629":[0,0],"630":[0,0],"631":[0,0],"632":[0,0],"633":[0,0,0],"634":[0,0],"635":[0,0],"636":[0,0],"637":[0,0],"638":[0,0],"639":[0,0],"640":[0,0],"641":[0,0,0,0],"642":[0,0],"643":[0,0],"644":[0,0],"645":[0,0,0],"646":[0,0],"647":[0,0],"648":[0,0],"649":[0,0,0],"650":[0,0],"651":[0,0],"652":[0,0],"653":[0,0],"654":[0,0],"655":[0,0],"656":[0,0],"657":[0,0],"658":[0,0],"659":[0,0],"660":[0,0],"661":[0,0],"662":[0,0],"663":[0,0],"664":[0,0],"665":[0,0],"666":[0,0],"667":[0,0],"668":[0,0],"669":[0,0],"670":[0,0],"671":[0,0],"672":[0,0,0],"673":[0,0]},"f":{"1":0,"2":0,"3":0,"4":0,"5":0,"6":0,"7":0,"8":0,"9":0,"10":0,"11":0,"12":0,"13":0,"14":0,"15":0,"16":0,"17":0,"18":0,"19":0,"20":0,"21":0,"22":0,"23":0,"24":0,"25":0,"26":0,"27":0,"28":0,"29":0,"30":0,"31":0,"32":0,"33":0,"34":0,"35":0,"36":0,"37":0,"38":0,"39":0,"40":0,"41":0,"42":0,"43":0,"44":0,"45":0,"46":0,"47":0,"48":0,"49":0,"50":0,"51":0,"52":0,"53":0,"54":0,"55":0,"56":0,"57":0,"58":0,"59":0,"60":0,"61":0,"62":0,"63":0,"64":0,"65":0,"66":0,"67":0,"68":0,"69":0,"70":0,"71":0,"72":0,"73":0,"74":0,"75":0,"76":0,"77":0,"78":0,"79":0,"80":0,"81":0,"82":0,"83":0,"84":0,"85":0,"86":0,"87":0,"88":0,"89":0,"90":0,"91":0,"92":0,"93":0,"94":0,"95":0,"96":0,"97":0,"98":0,"99":0,"100":0,"101":0,"102":0,"103":0,"104":0,"105":0,"106":0,"107":0,"108":0,"109":0,"110":0,"111":0,"112":0,"113":0,"114":0,"115":0,"116":0,"117":0,"118":0,"119":0,"120":0,"121":0,"122":0,"123":0,"124":0,"125":0,"126":0,"127":0,"128":0,"129":0,"130":0,"131":0,"132":0,"133":0,"134":0,"135":0,"136":0,"137":0,"138":0,"139":0,"140":0,"141":0,"142":0,"143":0,"144":0,"145":0,"146":0,"147":0,"148":0,"149":0,"150":0,"151":0,"152":0,"153":0,"154":0,"155":0,"156":0,"157":0,"158":0,"159":0,"160":0,"161":0,"162":0,"163":0,"164":0,"165":0,"166":0,"167":0,"168":0,"169":0,"170":0,"171":0,"172":0,"173":0,"174":0,"175":0,"176":0,"177":0,"178":0,"179":0,"180":0,"181":0},"fnMap":{"1":{"name":"(anonymous_1)","line":13,"loc":{"start":{"line":13,"column":1},"end":{"line":13,"column":18}}},"2":{"name":"(anonymous_2)","line":25,"loc":{"start":{"line":25,"column":9},"end":{"line":25,"column":37}}},"3":{"name":"(anonymous_3)","line":34,"loc":{"start":{"line":34,"column":14},"end":{"line":34,"column":28}}},"4":{"name":"(anonymous_4)","line":40,"loc":{"start":{"line":40,"column":10},"end":{"line":40,"column":24}}},"5":{"name":"(anonymous_5)","line":51,"loc":{"start":{"line":51,"column":30},"end":{"line":51,"column":44}}},"6":{"name":"isArraylike","line":56,"loc":{"start":{"line":56,"column":1},"end":{"line":56,"column":27}}},"7":{"name":"(anonymous_7)","line":76,"loc":{"start":{"line":76,"column":19},"end":{"line":76,"column":33}}},"8":{"name":"(anonymous_8)","line":100,"loc":{"start":{"line":100,"column":10},"end":{"line":100,"column":40}}},"9":{"name":"(anonymous_9)","line":155,"loc":{"start":{"line":155,"column":10},"end":{"line":155,"column":37}}},"10":{"name":"(anonymous_10)","line":180,"loc":{"start":{"line":180,"column":16},"end":{"line":180,"column":37}}},"11":{"name":"(anonymous_11)","line":189,"loc":{"start":{"line":189,"column":17},"end":{"line":189,"column":34}}},"12":{"name":"(anonymous_12)","line":197,"loc":{"start":{"line":197,"column":12},"end":{"line":197,"column":23}}},"13":{"name":"(anonymous_13)","line":255,"loc":{"start":{"line":255,"column":11},"end":{"line":255,"column":38}}},"14":{"name":"$makeArray","line":256,"loc":{"start":{"line":256,"column":2},"end":{"line":256,"column":36}}},"15":{"name":"(anonymous_15)","line":262,"loc":{"start":{"line":262,"column":6},"end":{"line":262,"column":30}}},"16":{"name":"(anonymous_16)","line":311,"loc":{"start":{"line":311,"column":13},"end":{"line":311,"column":35}}},"17":{"name":"(anonymous_17)","line":313,"loc":{"start":{"line":313,"column":43},"end":{"line":313,"column":61}}},"18":{"name":"(anonymous_18)","line":328,"loc":{"start":{"line":328,"column":18},"end":{"line":328,"column":29}}},"19":{"name":"(anonymous_19)","line":341,"loc":{"start":{"line":341,"column":8},"end":{"line":341,"column":27}}},"20":{"name":"(anonymous_20)","line":351,"loc":{"start":{"line":351,"column":10},"end":{"line":351,"column":21}}},"21":{"name":"(anonymous_21)","line":360,"loc":{"start":{"line":360,"column":12},"end":{"line":360,"column":23}}},"22":{"name":"offsetParentFn","line":362,"loc":{"start":{"line":362,"column":3},"end":{"line":362,"column":33}}},"23":{"name":"(anonymous_23)","line":423,"loc":{"start":{"line":423,"column":1},"end":{"line":423,"column":19}}},"24":{"name":"(anonymous_24)","line":435,"loc":{"start":{"line":435,"column":2},"end":{"line":435,"column":13}}},"25":{"name":"(anonymous_25)","line":437,"loc":{"start":{"line":437,"column":8},"end":{"line":437,"column":54}}},"26":{"name":"(anonymous_26)","line":459,"loc":{"start":{"line":459,"column":12},"end":{"line":459,"column":23}}},"27":{"name":"(anonymous_27)","line":480,"loc":{"start":{"line":480,"column":17},"end":{"line":480,"column":28}}},"28":{"name":"(anonymous_28)","line":483,"loc":{"start":{"line":483,"column":83},"end":{"line":483,"column":102}}},"29":{"name":"(anonymous_29)","line":492,"loc":{"start":{"line":492,"column":22},"end":{"line":492,"column":33}}},"30":{"name":"(anonymous_30)","line":498,"loc":{"start":{"line":498,"column":21},"end":{"line":498,"column":32}}},"31":{"name":"(anonymous_31)","line":504,"loc":{"start":{"line":504,"column":15},"end":{"line":504,"column":26}}},"32":{"name":"compactSparseArray","line":512,"loc":{"start":{"line":512,"column":2},"end":{"line":512,"column":37}}},"33":{"name":"(anonymous_33)","line":537,"loc":{"start":{"line":537,"column":16},"end":{"line":537,"column":27}}},"34":{"name":"(anonymous_34)","line":550,"loc":{"start":{"line":550,"column":11},"end":{"line":550,"column":32}}},"35":{"name":"(anonymous_35)","line":592,"loc":{"start":{"line":592,"column":18},"end":{"line":592,"column":29}}},"36":{"name":"(anonymous_36)","line":594,"loc":{"start":{"line":594,"column":11},"end":{"line":594,"column":30}}},"37":{"name":"(anonymous_37)","line":599,"loc":{"start":{"line":599,"column":11},"end":{"line":599,"column":30}}},"38":{"name":"(anonymous_38)","line":603,"loc":{"start":{"line":603,"column":10},"end":{"line":603,"column":29}}},"39":{"name":"sanitizeElements","line":613,"loc":{"start":{"line":613,"column":2},"end":{"line":613,"column":38}}},"40":{"name":"(anonymous_40)","line":626,"loc":{"start":{"line":626,"column":13},"end":{"line":626,"column":32}}},"41":{"name":"(anonymous_41)","line":629,"loc":{"start":{"line":629,"column":13},"end":{"line":629,"column":32}}},"42":{"name":"(anonymous_42)","line":632,"loc":{"start":{"line":632,"column":29},"end":{"line":632,"column":48}}},"43":{"name":"(anonymous_43)","line":635,"loc":{"start":{"line":635,"column":15},"end":{"line":635,"column":34}}},"44":{"name":"(anonymous_44)","line":638,"loc":{"start":{"line":638,"column":11},"end":{"line":638,"column":30}}},"45":{"name":"(anonymous_45)","line":643,"loc":{"start":{"line":643,"column":14},"end":{"line":643,"column":33}}},"46":{"name":"(anonymous_46)","line":652,"loc":{"start":{"line":652,"column":10},"end":{"line":652,"column":29}}},"47":{"name":"(anonymous_47)","line":655,"loc":{"start":{"line":655,"column":18},"end":{"line":655,"column":37}}},"48":{"name":"(anonymous_48)","line":756,"loc":{"start":{"line":756,"column":9},"end":{"line":756,"column":27}}},"49":{"name":"(anonymous_49)","line":786,"loc":{"start":{"line":786,"column":13},"end":{"line":786,"column":33}}},"50":{"name":"(anonymous_50)","line":789,"loc":{"start":{"line":789,"column":33},"end":{"line":789,"column":57}}},"51":{"name":"(anonymous_51)","line":806,"loc":{"start":{"line":806,"column":43},"end":{"line":806,"column":64}}},"52":{"name":"(anonymous_52)","line":814,"loc":{"start":{"line":814,"column":14},"end":{"line":814,"column":34}}},"53":{"name":"(anonymous_53)","line":817,"loc":{"start":{"line":817,"column":33},"end":{"line":817,"column":57}}},"54":{"name":"(anonymous_54)","line":833,"loc":{"start":{"line":833,"column":43},"end":{"line":833,"column":64}}},"55":{"name":"Data","line":854,"loc":{"start":{"line":854,"column":2},"end":{"line":854,"column":25}}},"56":{"name":"pauseDelayOnElement","line":866,"loc":{"start":{"line":866,"column":2},"end":{"line":866,"column":53}}},"57":{"name":"resumeDelayOnElement","line":877,"loc":{"start":{"line":877,"column":2},"end":{"line":877,"column":54}}},"58":{"name":"generateStep","line":894,"loc":{"start":{"line":894,"column":2},"end":{"line":894,"column":31}}},"59":{"name":"(anonymous_59)","line":895,"loc":{"start":{"line":895,"column":10},"end":{"line":895,"column":22}}},"60":{"name":"generateBezier","line":901,"loc":{"start":{"line":901,"column":2},"end":{"line":901,"column":46}}},"61":{"name":"A","line":930,"loc":{"start":{"line":930,"column":3},"end":{"line":930,"column":24}}},"62":{"name":"B","line":933,"loc":{"start":{"line":933,"column":3},"end":{"line":933,"column":24}}},"63":{"name":"C","line":936,"loc":{"start":{"line":936,"column":3},"end":{"line":936,"column":19}}},"64":{"name":"calcBezier","line":940,"loc":{"start":{"line":940,"column":3},"end":{"line":940,"column":37}}},"65":{"name":"getSlope","line":944,"loc":{"start":{"line":944,"column":3},"end":{"line":944,"
[...]
\t\t\t\t\t\tdefaultDuration: 700,","\t\t\t\t\t\tcalls: [","\t\t\t\t\t\t\t[{opacity: [0, 1], transformPerspective: [800, 800], rotateY: 55}]","\t\t\t\t\t\t],","\t\t\t\t\t\treset: {transformPerspective: 0, rotateY: 0}","\t\t\t\t\t},","\t\t\t\t\t/* Support: Loses rotation in IE9/Android 2.3 (fades only). */","\t\t\t\t\t\"transition.flipYIn\": {","\t\t\t\t\t\tdefaultDuration: 800,","\t\t\t\t\t\tcalls: [","\t\t\t\t\t\t\t[{opacity: [1, 0], transformPerspective: [800, 800], rotateX: [0, -45]}]","\t\t\t\t\t\t],","\t\t\t\t\t\treset: {transformPerspective: 0}","\t\t\t\t\t},","\t\t\t\t\t/* Support: Loses rotation in IE9/Android 2.3 (fades only). */","\t\t\t\t\t\"transition.flipYOut\": {","\t\t\t\t\t\tdefaultDuration: 800,","\t\t\t\t\t\tcalls: [","\t\t\t\t\t\t\t[{opacity: [0, 1], transformPerspective: [800, 800], rotateX: 25}]","\t\t\t\t\t\t],","\t\t\t\t\t\treset: {transformPerspective: 0, rotateX: 0}","\t\t\t\t\t},","\t\t\t\t\t/* Animate.css */","\t\t\t\t\t/* Support: Loses rotation in IE9/Android 2.3 (fades only). */","\t\t\t\t\t\"transition.flipBounceXIn\": {","\t\t\t\t\t\tdefaultDuration: 900,","\t\t\t\t\t\tcalls: [","\t\t\t\t\t\t\t[{opacity: [0.725, 0], transformPerspective: [400, 400], rotateY: [-10, 90]}, 0.50],","\t\t\t\t\t\t\t[{opacity: 0.80, rotateY: 10}, 0.25],","\t\t\t\t\t\t\t[{opacity: 1, rotateY: 0}, 0.25]","\t\t\t\t\t\t],","\t\t\t\t\t\treset: {transformPerspective: 0}","\t\t\t\t\t},","\t\t\t\t\t/* Animate.css */","\t\t\t\t\t/* Support: Loses rotation in IE9/Android 2.3 (fades only). */","\t\t\t\t\t\"transition.flipBounceXOut\": {","\t\t\t\t\t\tdefaultDuration: 800,","\t\t\t\t\t\tcalls: [","\t\t\t\t\t\t\t[{opacity: [0.9, 1], transformPerspective: [400, 400], rotateY: -10}],","\t\t\t\t\t\t\t[{opacity: 0, rotateY: 90}]","\t\t\t\t\t\t],","\t\t\t\t\t\treset: {transformPerspective: 0, rotateY: 0}","\t\t\t\t\t},","\t\t\t\t\t/* Animate.css */","\t\t\t\t\t/* Support: Loses rotation in IE9/Android 2.3 (fades only). */","\t\t\t\t\t\"transition.flipBounceYIn\": {","\t\t\t\t\t\tdefaultDuration: 850,","\t\t\t\t\t\tcalls: [","\t\t\t\t\t\t\t[{opacity: [0.725, 0], transformPerspective: [400, 400], rotateX: [-10, 90]}, 0.50],","\t\t\t\t\t\t\t[{opacity: 0.80, rotateX: 10}, 0.25],","\t\t\t\t\t\t\t[{opacity: 1, rotateX: 0}, 0.25]","\t\t\t\t\t\t],","\t\t\t\t\t\treset: {transformPerspective: 0}","\t\t\t\t\t},","\t\t\t\t\t/* Animate.css */","\t\t\t\t\t/* Support: Loses rotation in IE9/Android 2.3 (fades only). */","\t\t\t\t\t\"transition.flipBounceYOut\": {","\t\t\t\t\t\tdefaultDuration: 800,","\t\t\t\t\t\tcalls: [","\t\t\t\t\t\t\t[{opacity: [0.9, 1], transformPerspective: [400, 400], rotateX: -15}],","\t\t\t\t\t\t\t[{opacity: 0, rotateX: 90}]","\t\t\t\t\t\t],","\t\t\t\t\t\treset: {transformPerspective: 0, rotateX: 0}","\t\t\t\t\t},","\t\t\t\t\t/* Magic.css */","\t\t\t\t\t\"transition.swoopIn\": {","\t\t\t\t\t\tdefaultDuration: 850,","\t\t\t\t\t\tcalls: [","\t\t\t\t\t\t\t[{opacity: [1, 0], transformOriginX: [\"100%\", \"50%\"], transformOriginY: [\"100%\", \"100%\"], scaleX: [1, 0], scaleY: [1, 0], translateX: [0, -700], translateZ: 0}]","\t\t\t\t\t\t],","\t\t\t\t\t\treset: {transformOriginX: \"50%\", transformOriginY: \"50%\"}","\t\t\t\t\t},","\t\t\t\t\t/* Magic.css */","\t\t\t\t\t\"transition.swoopOut\": {","\t\t\t\t\t\tdefaultDuration: 850,","\t\t\t\t\t\tcalls: [","\t\t\t\t\t\t\t[{opacity: [0, 1], transformOriginX: [\"50%\", \"100%\"], transformOriginY: [\"100%\", \"100%\"], scaleX: 0, scaleY: 0, translateX: -700, translateZ: 0}]","\t\t\t\t\t\t],","\t\t\t\t\t\treset: {transformOriginX: \"50%\", transformOriginY: \"50%\", scaleX: 1, scaleY: 1, translateX: 0}","\t\t\t\t\t},","\t\t\t\t\t/* Magic.css */","\t\t\t\t\t/* Support: Loses rotation in IE9/Android 2.3. (Fades and scales only.) */","\t\t\t\t\t\"transition.whirlIn\": {","\t\t\t\t\t\tdefaultDuration: 850,","\t\t\t\t\t\tcalls: [","\t\t\t\t\t\t\t[{opacity: [1, 0], transformOriginX: [\"50%\", \"50%\"], transformOriginY: [\"50%\", \"50%\"], scaleX: [1, 0], scaleY: [1, 0], rotateY: [0, 160]}, 1, {easing: \"easeInOutSine\"}]","\t\t\t\t\t\t]","\t\t\t\t\t},","\t\t\t\t\t/* Magic.css */","\t\t\t\t\t/* Support: Loses rotation in IE9/Android 2.3. (Fades and scales only.) */","\t\t\t\t\t\"transition.whirlOut\": {","\t\t\t\t\t\tdefaultDuration: 750,","\t\t\t\t\t\tcalls: [","\t\t\t\t\t\t\t[{opacity: [0, \"easeInOutQuint\", 1], transformOriginX: [\"50%\", \"50%\"], transformOriginY: [\"50%\", \"50%\"], scaleX: 0, scaleY: 0, rotateY: 160}, 1, {easing: \"swing\"}]","\t\t\t\t\t\t],","\t\t\t\t\t\treset: {scaleX: 1, scaleY: 1, rotateY: 0}","\t\t\t\t\t},","\t\t\t\t\t\"transition.shrinkIn\": {","\t\t\t\t\t\tdefaultDuration: 750,","\t\t\t\t\t\tcalls: [","\t\t\t\t\t\t\t[{opacity: [1, 0], transformOriginX: [\"50%\", \"50%\"], transformOriginY: [\"50%\", \"50%\"], scaleX: [1, 1.5], scaleY: [1, 1.5], translateZ: 0}]","\t\t\t\t\t\t]","\t\t\t\t\t},","\t\t\t\t\t\"transition.shrinkOut\": {","\t\t\t\t\t\tdefaultDuration: 600,","\t\t\t\t\t\tcalls: [","\t\t\t\t\t\t\t[{opacity: [0, 1], transformOriginX: [\"50%\", \"50%\"], transformOriginY: [\"50%\", \"50%\"], scaleX: 1.3, scaleY: 1.3, translateZ: 0}]","\t\t\t\t\t\t],","\t\t\t\t\t\treset: {scaleX: 1, scaleY: 1}","\t\t\t\t\t},","\t\t\t\t\t\"transition.expandIn\": {","\t\t\t\t\t\tdefaultDuration: 700,","\t\t\t\t\t\tcalls: [","\t\t\t\t\t\t\t[{opacity: [1, 0], transformOriginX: [\"50%\", \"50%\"], transformOriginY: [\"50%\", \"50%\"], scaleX: [1, 0.625], scaleY: [1, 0.625], translateZ: 0}]","\t\t\t\t\t\t]","\t\t\t\t\t},","\t\t\t\t\t\"transition.expandOut\": {","\t\t\t\t\t\tdefaultDuration: 700,","\t\t\t\t\t\tcalls: [","\t\t\t\t\t\t\t[{opacity: [0, 1], transformOriginX: [\"50%\", \"50%\"], transformOriginY: [\"50%\", \"50%\"], scaleX: 0.5, scaleY: 0.5, translateZ: 0}]","\t\t\t\t\t\t],","\t\t\t\t\t\treset: {scaleX: 1, scaleY: 1}","\t\t\t\t\t},","\t\t\t\t\t/* Animate.css */","\t\t\t\t\t\"transition.bounceIn\": {","\t\t\t\t\t\tdefaultDuration: 800,","\t\t\t\t\t\tcalls: [","\t\t\t\t\t\t\t[{opacity: [1, 0], scaleX: [1.05, 0.3], scaleY: [1.05, 0.3]}, 0.35],","\t\t\t\t\t\t\t[{scaleX: 0.9, scaleY: 0.9, translateZ: 0}, 0.20],","\t\t\t\t\t\t\t[{scaleX: 1, scaleY: 1}, 0.45]","\t\t\t\t\t\t]","\t\t\t\t\t},","\t\t\t\t\t/* Animate.css */","\t\t\t\t\t\"transition.bounceOut\": {","\t\t\t\t\t\tdefaultDuration: 800,","\t\t\t\t\t\tcalls: [","\t\t\t\t\t\t\t[{scaleX: 0.95, scaleY: 0.95}, 0.35],","\t\t\t\t\t\t\t[{scaleX: 1.1, scaleY: 1.1, translateZ: 0}, 0.35],","\t\t\t\t\t\t\t[{opacity: [0, 1], scaleX: 0.3, scaleY: 0.3}, 0.30]","\t\t\t\t\t\t],","\t\t\t\t\t\treset: {scaleX: 1, scaleY: 1}","\t\t\t\t\t},","\t\t\t\t\t/* Animate.css */","\t\t\t\t\t\"transition.bounceUpIn\": {","\t\t\t\t\t\tdefaultDuration: 800,","\t\t\t\t\t\tcalls: [","\t\t\t\t\t\t\t[{opacity: [1, 0], translateY: [-30, 1000]}, 0.60, {easing: \"easeOutCirc\"}],","\t\t\t\t\t\t\t[{translateY: 10}, 0.20],","\t\t\t\t\t\t\t[{translateY: 0}, 0.20]","\t\t\t\t\t\t]","\t\t\t\t\t},","\t\t\t\t\t/* Animate.css */","\t\t\t\t\t\"transition.bounceUpOut\": {","\t\t\t\t\t\tdefaultDuration: 1000,","\t\t\t\t\t\tcalls: [","\t\t\t\t\t\t\t[{translateY: 20}, 0.20],","\t\t\t\t\t\t\t[{opacity: [0, \"easeInCirc\", 1], translateY: -1000}, 0.80]","\t\t\t\t\t\t],","\t\t\t\t\t\treset: {translateY: 0}","\t\t\t\t\t},","\t\t\t\t\t/* Animate.css */","\t\t\t\t\t\"transition.bounceDownIn\": {","\t\t\t\t\t\tdefaultDuration: 800,","\t\t\t\t\t\tcalls: [","\t\t\t\t\t\t\t[{opacity: [1, 0], translateY: [30, -1000]}, 0.60, {easing: \"easeOutCirc\"}],","\t\t\t\t\t\t\t[{translateY: -10}, 0.20],","\t\t\t\t\t\t\t[{translateY: 0}, 0.20]","\t\t\t\t\t\t]","\t\t\t\t\t},","\t\t\t\t\t/* Animate.css */","\t\t\t\t\t\"transition.bounceDownOut\": {","\t\t\t\t\t\tdefaultDuration: 1000,","\t\t\t\t\t\tcalls: [","\t\t\t\t\t\t\t[{translateY: -20}, 0.20],","\t\t\t\t\t\t\t[{opacity: [0, \"easeInCirc\", 1], translateY: 1000}, 0.80]","\t\t\t\t\t\t],","\t\t\t\t\t\treset: {translateY: 0}","\t\t\t\t\t},","\t\t\t\t\t/* Animate.css */","\t\t\t\t\t\"transition.bounceLeftIn\": {","\t\t\t\t\t\tdefaultDuration: 750,","\t\t\t\t\t\tcalls: [","\t\t\t\t\t\t\t[{opacity: [1, 0], translateX: [30, -1250]}, 0.60, {easing: \"easeOutCirc\"}],","\t\t\t\t\t\t\t[{translateX: -10}, 0.20],","\t\t\t\t\t\t\t[{translateX: 0}, 0.20]","\t\t\t\t\t\t]","\t\t\t\t\t},","\t\t\t\t\t/* Animate.css */","\t\t\t\t\t\"transition.bounceLeftOut\": {","\t\t\t\t\t\tdefaultDuration: 750,","\t\t\t\t\t\tcalls: [","\t\t\t\t\t\t\t[{translateX: 30}, 0.20],","\t\t\t\t\t\t\t[{opacity: [0, \"easeInCirc\", 1], translateX: -1250}, 0.80]","\t\t\t\t\t\t],","\t\t\t\t\t\treset: {translateX: 0}","\t\t\t\t\t},","\t\t\t\t\t/* Animate.css */","\t\t\t\t\t\"transition.bounceRightIn\": {","\t\t\t\t\t\tdefaultDuration: 750,","\t\t\t\t\t\tcalls: [","\t\t\t\t\t\t\t[{opacity: [1, 0], translateX: [-30, 1250]}, 0.60, {easing: \"easeOutCirc\"}],","\t\t\t\t\t\t\t[{translateX: 10}, 0.20],","\t\t\t\t\t\t\t[{translateX: 0}, 0.20]","\t\t\t\t\t\t]","\t\t\t\t\t},","\t\t\t\t\t/* Animate.css */","\t\t\t\t\t\"transition.bounceRightOut\": {","\t\t\t\t\t\tdefaultDuration: 750,","\t\t\t\t\t\tcalls: [","\t\t\t\t\t\t\t[{translateX: -30}, 0.20],","\t\t\t\t\t\t\t[{opacity: [0, \"easeInCirc\", 1], translateX: 1250}, 0.80]","\t\t\t\t\t\t],","\t\t\t\t\t\treset: {translateX: 0}","\t\t\t\t\t},","\t\t\t\t\t\"transition.slideUpIn\": {","\t\t\t\t\t\tdefaultDuration: 900,","\t\t\t\t\t\tcalls: [","\t\t\t\t\t\t\t[{opacity: [1, 0], translateY: [0, 20], translateZ: 0}]","\t\t\t\t\t\t]","\t\t\t\t\t},","\t\t\t\t\t\"transition.slideUpOut\": {","\t\t\t\t\t\tdefaultDuration: 900,","\t\t\t\t\t\tcalls: [","\t\t\t\t\t\t\t[{opacity: [0, 1], translateY: -20, translateZ: 0}]","\t\t\t\t\t\t],","\t\t\t\t\t\treset: {translateY: 0}","\t\t\t\t\t},","\t\t\t\t\t\"transition.slideDownIn\": {","\t\t\t\t\t\tdefaultDuration: 900,","\t\t\t\t\t\tcalls: [","\t\t\t\t\t\t\t[{opacity: [1, 0], translateY: [0, -20], translateZ: 0}]","\t\t\t\t\t\t]","\t\t\t\t\t},","\t\t\t\t\t\"transition.slideDownOut\": {","\t\t\t\t\t\tdefaultDuration: 900,","\t\t\t\t\t\tcalls: [","\t\t\t\t\t\t\t[{opacity: [0, 1], translateY: 20, translateZ: 0}]","\t\t\t\t\t\t],","\t\t\t\t\t\treset: {translateY: 0}","\t\t\t\t\t},","\t\t\t\t\t\"transition.slideLeftIn\": {","\t\t\t\t\t\tdefaultDuration: 1000,","\t\t\t\t\t\tcalls: [","\t\t\t\t\t\t\t[{opacity: [1, 0], translateX: [0, -20], translateZ: 0}]","\t\t\t\t\t\t]","\t\t\t\t\t},","\t\t\t\t\t\"transition.slideLeftOut\": {","\t\t\t\t\t\tdefaultDuration: 1050,","\t\t\t\t\t\tcalls: [","\t\t\t\t\t\t\t[{opacity: [0, 1], translateX: -20, translateZ: 0}]","\t\t\t\t\t\t],","\t\t\t\t\t\treset: {translateX: 0}","\t\t\t\t\t},","\t\t\t\t\t\"transition.slideRightIn\": {","\t\t\t\t\t\tdefaultDuration: 1000,","\t\t\t\t\t\tcalls: [","\t\t\t\t\t\t\t[{opacity: [1, 0], translateX: [0, 20], translateZ: 0}]","\t\t\t\t\t\t]","\t\t\t\t\t},","\t\t\t\t\t\"transition.slideRightOut\": {","\t\t\t\t\t\tdefaultDuration: 1050,","\t\t\t\t\t\tcalls: [","\t\t\t\t\t\t\t[{opacity: [0, 1], translateX: 20, translateZ: 0}]","\t\t\t\t\t\t],","\t\t\t\t\t\treset: {translateX: 0}","\t\t\t\t\t},","\t\t\t\t\t\"transition.slideUpBigIn\": {","\t\t\t\t\t\tdefaultDuration: 850,","\t\t\t\t\t\tcalls: [","\t\t\t\t\t\t\t[{opacity: [1, 0], translateY: [0, 75], translateZ: 0}]","\t\t\t\t\t\t]","\t\t\t\t\t},","\t\t\t\t\t\"transition.slideUpBigOut\": {","\t\t\t\t\t\tdefaultDuration: 800,","\t\t\t\t\t\tcalls: [","\t\t\t\t\t\t\t[{opacity: [0, 1], translateY: -75, translateZ: 0}]","\t\t\t\t\t\t],","\t\t\t\t\t\treset: {translateY: 0}","\t\t\t\t\t},","\t\t\t\t\t\"transition.slideDownBigIn\": {","\t\t\t\t\t\tdefaultDuration: 850,","\t\t\t\t\t\tcalls: [","\t\t\t\t\t\t\t[{opacity: [1, 0], translateY: [0, -75], translateZ: 0}]","\t\t\t\t\t\t]","\t\t\t\t\t},","\t\t\t\t\t\"transition.slideDownBigOut\": {","\t\t\t\t\t\tdefaultDuration: 800,","\t\t\t\t\t\tcalls: [","\t\t\t\t\t\t\t[{opacity: [0, 1], translateY: 75, translateZ: 0}]","\t\t\t\t\t\t],","\t\t\t\t\t\treset: {translateY: 0}","\t\t\t\t\t},","\t\t\t\t\t\"transition.slideLeftBigIn\": {","\t\t\t\t\t\tdefaultDuration: 800,","\t\t\t\t\t\tcalls: [","\t\t\t\t\t\t\t[{opacity: [1, 0], translateX: [0, -75], translateZ: 0}]","\t\t\t\t\t\t]","\t\t\t\t\t},","\t\t\t\t\t\"transition.slideLeftBigOut\": {","\t\t\t\t\t\tdefaultDuration: 750,","\t\t\t\t\t\tcalls: [","\t\t\t\t\t\t\t[{opacity: [0, 1], translateX: -75, translateZ: 0}]","\t\t\t\t\t\t],","\t\t\t\t\t\treset: {translateX: 0}","\t\t\t\t\t},","\t\t\t\t\t\"transition.slideRightBigIn\": {","\t\t\t\t\t\tdefaultDuration: 800,","\t\t\t\t\t\tcalls: [","\t\t\t\t\t\t\t[{opacity: [1, 0], translateX: [0, 75], translateZ: 0}]","\t\t\t\t\t\t]","\t\t\t\t\t},","\t\t\t\t\t\"transition.slideRightBigOut\": {","\t\t\t\t\t\tdefaultDuration: 750,","\t\t\t\t\t\tcalls: [","\t\t\t\t\t\t\t[{opacity: [0, 1], translateX: 75, translateZ: 0}]","\t\t\t\t\t\t],","\t\t\t\t\t\treset: {translateX: 0}","\t\t\t\t\t},","\t\t\t\t\t/* Magic.css */","\t\t\t\t\t\"transition.perspectiveUpIn\": {","\t\t\t\t\t\tdefaultDuration: 800,","\t\t\t\t\t\tcalls: [","\t\t\t\t\t\t\t[{opacity: [1, 0], transformPerspective: [800, 800], transformOriginX: [0, 0], transformOriginY: [\"100%\", \"100%\"], rotateX: [0, -180]}]","\t\t\t\t\t\t],","\t\t\t\t\t\treset: {transformPerspective: 0, transformOriginX: \"50%\", transformOriginY: \"50%\"}","\t\t\t\t\t},","\t\t\t\t\t/* Magic.css */","\t\t\t\t\t/* Support: Loses rotation in IE9/Android 2.3 (fades only). */","\t\t\t\t\t\"transition.perspectiveUpOut\": {","\t\t\t\t\t\tdefaultDuration: 850,","\t\t\t\t\t\tcalls: [","\t\t\t\t\t\t\t[{opacity: [0, 1], transformPerspective: [800, 800], transformOriginX: [0, 0], transformOriginY: [\"100%\", \"100%\"], rotateX: -180}]","\t\t\t\t\t\t],","\t\t\t\t\t\treset: {transformPerspective: 0, transformOriginX: \"50%\", transformOriginY: \"50%\", rotateX: 0}","\t\t\t\t\t},","\t\t\t\t\t/* Magic.css */","\t\t\t\t\t/* Support: Loses rotation in IE9/Android 2.3 (fades only). */","\t\t\t\t\t\"transition.perspectiveDownIn\": {","\t\t\t\t\t\tdefaultDuration: 800,","\t\t\t\t\t\tcalls: [","\t\t\t\t\t\t\t[{opacity: [1, 0], transformPerspective: [800, 800], transformOriginX: [0, 0], transformOriginY: [0, 0], rotateX: [0, 180]}]","\t\t\t\t\t\t],","\t\t\t\t\t\treset: {transformPerspective: 0, transformOriginX: \"50%\", transformOriginY: \"50%\"}","\t\t\t\t\t},","\t\t\t\t\t/* Magic.css */","\t\t\t\t\t/* Support: Loses rotation in IE9/Android 2.3 (fades only). */","\t\t\t\t\t\"transition.perspectiveDownOut\": {","\t\t\t\t\t\tdefaultDuration: 850,","\t\t\t\t\t\tcalls: [","\t\t\t\t\t\t\t[{opacity: [0, 1], transformPerspective: [800, 800], transformOriginX: [0, 0], transformOriginY: [0, 0], rotateX: 180}]","\t\t\t\t\t\t],","\t\t\t\t\t\treset: {transformPerspective: 0, transformOriginX: \"50%\", transformOriginY: \"50%\", rotateX: 0}","\t\t\t\t\t},","\t\t\t\t\t/* Magic.css */","\t\t\t\t\t/* Support: Loses rotation in IE9/Android 2.3 (fades only). */","\t\t\t\t\t\"transition.perspectiveLeftIn\": {","\t\t\t\t\t\tdefaultDuration: 950,","\t\t\t\t\t\tcalls: [","\t\t\t\t\t\t\t[{opacity: [1, 0], transformPerspective: [2000, 2000], transformOriginX: [0, 0], transformOriginY: [0, 0], rotateY: [0, -180]}]","\t\t\t\t\t\t],","\t\t\t\t\t\treset: {transformPerspective: 0, transformOriginX: \"50%\", transformOriginY: \"50%\"}","\t\t\t\t\t},","\t\t\t\t\t/* Magic.css */","\t\t\t\t\t/* Support: Loses rotation in IE9/Android 2.3 (fades only). */","\t\t\t\t\t\"transition.perspectiveLeftOut\": {","\t\t\t\t\t\tdefaultDuration: 950,","\t\t\t\t\t\tcalls: [","\t\t\t\t\t\t\t[{opacity: [0, 1], transformPerspective: [2000, 2000], transformOriginX: [0, 0], transformOriginY: [0, 0], rotateY: -180}]","\t\t\t\t\t\t],","\t\t\t\t\t\treset: {transformPerspective: 0, transformOriginX: \"50%\", transformOriginY: \"50%\", rotateY: 0}","\t\t\t\t\t},","\t\t\t\t\t/* Magic.css */","\t\t\t\t\t/* Support: Loses rotation in IE9/Android 2.3 (fades only). */","\t\t\t\t\t\"transition.perspectiveRightIn\": {","\t\t\t\t\t\tdefaultDuration: 950,","\t\t\t\t\t\tcalls: [","\t\t\t\t\t\t\t[{opacity: [1, 0], transformPerspective: [2000, 2000], transformOriginX: [\"100%\", \"100%\"], transformOriginY: [0, 0], rotateY: [0, 180]}]","\t\t\t\t\t\t],","\t\t\t\t\t\treset: {transformPerspective: 0, transformOriginX: \"50%\", transformOriginY: \"50%\"}","\t\t\t\t\t},","\t\t\t\t\t/* Magic.css */","\t\t\t\t\t/* Support: Loses rotation in IE9/Android 2.3 (fades only). */","\t\t\t\t\t\"transition.perspectiveRightOut\": {","\t\t\t\t\t\tdefaultDuration: 950,","\t\t\t\t\t\tcalls: [","\t\t\t\t\t\t\t[{opacity: [0, 1], transformPerspective: [2000, 2000], transformOriginX: [\"100%\", \"100%\"], transformOriginY: [0, 0], rotateY: 180}]","\t\t\t\t\t\t],","\t\t\t\t\t\treset: {transformPerspective: 0, transformOriginX: \"50%\", transformOriginY: \"50%\", rotateY: 0}","\t\t\t\t\t}","\t\t\t\t};","","\t\t/* Register the packaged effects. */","\t\tfor (var effectName in Velocity.RegisterEffect.packagedEffects) {","\t\t\tif (Velocity.RegisterEffect.packagedEffects.hasOwnProperty(effectName)) {","\t\t\t\tVelocity.RegisterEffect(effectName, Velocity.RegisterEffect.packagedEffects[effectName]);","\t\t\t}","\t\t}","","\t\t/*********************","\t\t Sequence Running","\t\t **********************/","","\t\t/* Note: Sequence calls must use Velocity's single-object arguments syntax. */","\t\tVelocity.RunSequence = function(originalSequence) {","\t\t\tvar sequence = $.extend(true, [], originalSequence);","","\t\t\tif (sequence.length > 1) {","\t\t\t\t$.each(sequence.reverse(), function(i, currentCall) {","\t\t\t\t\tvar nextCall = sequence[i + 1];","","\t\t\t\t\tif (nextCall) {","\t\t\t\t\t\t/* Parallel sequence calls (indicated via sequenceQueue:false) are triggered","\t\t\t\t\t\t in the previous call's begin callback. Otherwise, chained calls are normally triggered","\t\t\t\t\t\t in the previous call's complete callback. */","\t\t\t\t\t\tvar currentCallOptions = currentCall.o || currentCall.options,","\t\t\t\t\t\t\t\tnextCallOptions = nextCall.o || nextCall.options;","","\t\t\t\t\t\tvar timing = (currentCallOptions && currentCallOptions.sequenceQueue === false) ? \"begin\" : \"complete\",","\t\t\t\t\t\t\t\tcallbackOriginal = nextCallOptions && nextCallOptions[timing],","\t\t\t\t\t\t\t\toptions = {};","","\t\t\t\t\t\toptions[timing] = function() {","\t\t\t\t\t\t\tvar nextCallElements = nextCall.e || nextCall.elements;","\t\t\t\t\t\t\tvar elements = nextCallElements.nodeType ? [nextCallElements] : nextCallElements;","","\t\t\t\t\t\t\tif (callbackOriginal) {","\t\t\t\t\t\t\t\tcallbackOriginal.call(elements, elements);","\t\t\t\t\t\t\t}","\t\t\t\t\t\t\tVelocity(currentCall);","\t\t\t\t\t\t};","","\t\t\t\t\t\tif (nextCall.o) {","\t\t\t\t\t\t\tnextCall.o = $.extend({}, nextCallOptions, options);","\t\t\t\t\t\t} else {","\t\t\t\t\t\t\tnextCall.options = $.extend({}, nextCallOptions, options);","\t\t\t\t\t\t}","\t\t\t\t\t}","\t\t\t\t});","","\t\t\t\tsequence.reverse();","\t\t\t}","","\t\t\tVelocity(sequence[0]);","\t\t};","\t}((window.jQuery || window.Zepto || window), window, (window ? window.document : undefined));","}));",""],"l":{"7":2,"10":2,"11":2,"13":0,"14":0,"17":0,"21":2,"26":0,"28":0,"29":0,"30":0,"32":0,"34":0,"36":0,"39":1,"40":0,"42":0,"43":0,"46":0,"47":0,"49":0,"50":0,"51":0,"53":0,"56":0,"59":0,"62":0,"63":0,"64":0,"65":0,"73":0,"75":1,"76":0,"80":0,"81":0,"83":0,"86":0,"88":0,"91":0,"92":0,"95":0,"96":0,"101":0,"109":0,"110":0,"113":0,"114":0,"115":0,"117":0,"121":0,"122":0,"123":0,"124":0,"127":0,"130":0,"131":0,"138":0,"139":0,"140":0,"141":0,"145":0,"146":0,"147":0,"148":0,"149":0,"150":0,"153":0,"155":0,"157":0,"158":0,"160":0,"161":0,"164":0,"168":0,"169":0,"170":0,"175":0,"176":0,"182":0,"183":0,"184":0,"185":0,"187":0,"188":0,"192":0,"193":0,"198":0,"200":0,"201":0,"202":0,"203":0,"206":0,"207":0,"209":0,"210":0,"214":0,"215":0,"216":0,"218":0,"219":0,"220":0,"221":0,"223":0,"228":0,"229":0,"234":0,"237":0,"238":0,"241":0,"243":0,"244":0,"248":0,"249":0,"253":0,"258":0,"267":0,"751":0,"752":0,"753":0,"762":0,"763":0,"765":0,"766":0,"767":0,"769":0,"773":0,"776":0,"780":0,"781":0,"782":0,"784":0,"785":0,"787":0,"790":0,"791":0,"793":0,"798":0,"801":0}}}